  [1m[35m (370.5ms)[0m  [1m[35mCREATE DATABASE "TaskList_development" ENCODING = 'unicode'[0m
  ↳ bin/rails:9
  [1m[35m (276.4ms)[0m  [1m[35mCREATE DATABASE "TaskList_test" ENCODING = 'unicode'[0m
  ↳ bin/rails:9
Started GET "/" for 127.0.0.1 at 2018-09-17 12:22:10 -0700
Processing by Rails::WelcomeController#index as HTML
  Rendering /Users/goeunpark/.rvm/gems/ruby-2.5.1/gems/railties-5.2.1/lib/rails/templates/rails/welcome/index.html.erb
  Rendered /Users/goeunpark/.rvm/gems/ruby-2.5.1/gems/railties-5.2.1/lib/rails/templates/rails/welcome/index.html.erb (4.3ms)
Completed 200 OK in 21ms (Views: 10.6ms | ActiveRecord: 0.0ms)


Started GET "/" for 127.0.0.1 at 2018-09-17 12:22:21 -0700
Processing by Rails::WelcomeController#index as HTML
  Rendering /Users/goeunpark/.rvm/gems/ruby-2.5.1/gems/railties-5.2.1/lib/rails/templates/rails/welcome/index.html.erb
  Rendered /Users/goeunpark/.rvm/gems/ruby-2.5.1/gems/railties-5.2.1/lib/rails/templates/rails/welcome/index.html.erb (2.7ms)
Completed 200 OK in 6ms (Views: 4.4ms | ActiveRecord: 0.0ms)


Started GET "/" for 127.0.0.1 at 2018-09-17 12:22:24 -0700
Processing by Rails::WelcomeController#index as HTML
  Rendering /Users/goeunpark/.rvm/gems/ruby-2.5.1/gems/railties-5.2.1/lib/rails/templates/rails/welcome/index.html.erb
  Rendered /Users/goeunpark/.rvm/gems/ruby-2.5.1/gems/railties-5.2.1/lib/rails/templates/rails/welcome/index.html.erb (2.8ms)
Completed 200 OK in 8ms (Views: 5.1ms | ActiveRecord: 0.0ms)


Started GET "/" for 127.0.0.1 at 2018-09-17 13:45:19 -0700
Processing by Rails::WelcomeController#index as HTML
  Rendering /Users/goeunpark/.rvm/gems/ruby-2.5.1/gems/railties-5.2.1/lib/rails/templates/rails/welcome/index.html.erb
  Rendered /Users/goeunpark/.rvm/gems/ruby-2.5.1/gems/railties-5.2.1/lib/rails/templates/rails/welcome/index.html.erb (3.7ms)
Completed 200 OK in 17ms (Views: 7.5ms | ActiveRecord: 0.0ms)


Started GET "/" for 127.0.0.1 at 2018-09-17 13:45:37 -0700
Processing by Rails::WelcomeController#index as HTML
  Rendering /Users/goeunpark/.rvm/gems/ruby-2.5.1/gems/railties-5.2.1/lib/rails/templates/rails/welcome/index.html.erb
  Rendered /Users/goeunpark/.rvm/gems/ruby-2.5.1/gems/railties-5.2.1/lib/rails/templates/rails/welcome/index.html.erb (3.2ms)
Completed 200 OK in 7ms (Views: 4.9ms | ActiveRecord: 0.0ms)


Started GET "/" for 127.0.0.1 at 2018-09-17 13:46:40 -0700
Processing by Rails::WelcomeController#index as HTML
  Rendering /Users/goeunpark/.rvm/gems/ruby-2.5.1/gems/railties-5.2.1/lib/rails/templates/rails/welcome/index.html.erb
  Rendered /Users/goeunpark/.rvm/gems/ruby-2.5.1/gems/railties-5.2.1/lib/rails/templates/rails/welcome/index.html.erb (2.5ms)
Completed 200 OK in 20ms (Views: 17.0ms | ActiveRecord: 0.0ms)


Started GET "/tasks" for 127.0.0.1 at 2018-09-17 13:48:11 -0700

SyntaxError - dynamic constant assignment
    TASKS = ["Buy groceries", "Do laundr...
          ^
/Users/goeunpark/Ada/unit-2/TaskList/app/controllers/tasks_controller.rb:5: syntax error, unexpected end-of-input, expecting keyword_end:
  app/controllers/tasks_controller.rb:3:in `'

Started POST "/__better_errors/b0a8ed8c9fcc512e/variables" for 127.0.0.1 at 2018-09-17 13:48:11 -0700
Started GET "/tasks" for 127.0.0.1 at 2018-09-17 13:48:27 -0700

SyntaxError - syntax error, unexpected end-of-input, expecting keyword_end:
  app/controllers/tasks_controller.rb:5:in `'

Started POST "/__better_errors/4e7665b5aca803dd/variables" for 127.0.0.1 at 2018-09-17 13:48:27 -0700
Started GET "/tasks" for 127.0.0.1 at 2018-09-17 13:48:37 -0700
Processing by TasksController#index as HTML
  Rendering tasks/index.html.erb within layouts/application
  Rendered tasks/index.html.erb within layouts/application (289.1ms)
Completed 500 Internal Server Error in 294ms (ActiveRecord: 0.0ms)



NameError - undefined local variable or method `tasks' for #<#<Class:0x00007fb2d686a570>:0x00007fb2d68682e8>
Did you mean?  @tasks:
  app/views/tasks/index.html.erb:6:in `block in _app_views_tasks_index_html_erb___2658788265276614771_70203040029040'
  app/views/tasks/index.html.erb:4:in `_app_views_tasks_index_html_erb___2658788265276614771_70203040029040'

Started POST "/__better_errors/7420bc5bf5b6f76a/variables" for 127.0.0.1 at 2018-09-17 13:48:38 -0700
Started GET "/tasks" for 127.0.0.1 at 2018-09-17 13:48:51 -0700
Processing by TasksController#index as HTML
  Rendering tasks/index.html.erb within layouts/application
  Rendered tasks/index.html.erb within layouts/application (0.5ms)
Completed 200 OK in 309ms (Views: 307.2ms | ActiveRecord: 0.0ms)


Started GET "/tasks" for 127.0.0.1 at 2018-09-17 13:49:17 -0700
Processing by TasksController#index as HTML
  Rendering tasks/index.html.erb within layouts/application
  Rendered tasks/index.html.erb within layouts/application (0.5ms)
Completed 200 OK in 47ms (Views: 44.9ms | ActiveRecord: 0.0ms)


Started GET "/tasks" for 127.0.0.1 at 2018-09-17 13:49:30 -0700
Processing by TasksController#index as HTML
  Rendering tasks/index.html.erb within layouts/application
  Rendered tasks/index.html.erb within layouts/application (0.5ms)
Completed 200 OK in 24ms (Views: 21.5ms | ActiveRecord: 0.0ms)


Started GET "/tasks" for 127.0.0.1 at 2018-09-17 13:50:40 -0700
Processing by TasksController#index as HTML
  Rendering tasks/index.html.erb within layouts/application
  Rendered tasks/index.html.erb within layouts/application (2.0ms)
Completed 500 Internal Server Error in 6ms (ActiveRecord: 0.0ms)



TypeError - no implicit conversion of String into Integer:
  app/views/tasks/index.html.erb:6:in `block in _app_views_tasks_index_html_erb___2658788265276614771_70203041439820'
  app/views/tasks/index.html.erb:4:in `_app_views_tasks_index_html_erb___2658788265276614771_70203041439820'

Started POST "/__better_errors/230ed1379689904b/variables" for 127.0.0.1 at 2018-09-17 13:50:40 -0700
Started GET "/tasks" for 127.0.0.1 at 2018-09-17 13:51:26 -0700
Processing by TasksController#index as HTML
  Rendering tasks/index.html.erb within layouts/application
  Rendered tasks/index.html.erb within layouts/application (0.5ms)
Completed 200 OK in 23ms (Views: 21.4ms | ActiveRecord: 0.0ms)


Started GET "/tasks" for 127.0.0.1 at 2018-09-17 13:52:15 -0700
Processing by TasksController#index as HTML
  Rendering tasks/index.html.erb within layouts/application
  Rendered tasks/index.html.erb within layouts/application (0.3ms)
Completed 200 OK in 15ms (Views: 13.4ms | ActiveRecord: 0.0ms)


Started GET "/tasks" for 127.0.0.1 at 2018-09-17 13:54:11 -0700
Processing by TasksController#index as HTML
  Rendering tasks/index.html.erb within layouts/application
  Rendered tasks/index.html.erb within layouts/application (0.3ms)
Completed 200 OK in 19ms (Views: 18.0ms | ActiveRecord: 0.0ms)


Started GET "/tasks" for 127.0.0.1 at 2018-09-17 14:09:06 -0700
Processing by TasksController#index as HTML
  Rendering tasks/index.html.erb within layouts/application
  Rendered tasks/index.html.erb within layouts/application (0.4ms)
Completed 200 OK in 21ms (Views: 19.5ms | ActiveRecord: 0.0ms)


Started GET "/" for 127.0.0.1 at 2018-09-17 16:02:17 -0700
Processing by Rails::WelcomeController#index as HTML
  Rendering /Users/goeunpark/.rvm/gems/ruby-2.5.1/gems/railties-5.2.1/lib/rails/templates/rails/welcome/index.html.erb
  Rendered /Users/goeunpark/.rvm/gems/ruby-2.5.1/gems/railties-5.2.1/lib/rails/templates/rails/welcome/index.html.erb (3.0ms)
Completed 200 OK in 9ms (Views: 5.4ms | ActiveRecord: 0.0ms)


Started GET "/tasks" for 127.0.0.1 at 2018-09-17 16:02:37 -0700
Processing by TasksController#index as HTML
  Rendering tasks/index.html.erb within layouts/application
  Rendered tasks/index.html.erb within layouts/application (1.0ms)
Completed 200 OK in 35ms (Views: 33.6ms | ActiveRecord: 0.0ms)


Started GET "/tasks/1" for 127.0.0.1 at 2018-09-17 16:02:46 -0700
Processing by TasksController#show as HTML
  Parameters: {"id"=>"1"}
  Rendering tasks/show.html.erb within layouts/application
  Rendered tasks/show.html.erb within layouts/application (0.3ms)
Completed 200 OK in 21ms (Views: 18.9ms | ActiveRecord: 0.0ms)


Started GET "/tasks/3" for 127.0.0.1 at 2018-09-17 16:02:52 -0700
Processing by TasksController#show as HTML
  Parameters: {"id"=>"3"}
  Rendering tasks/show.html.erb within layouts/application
  Rendered tasks/show.html.erb within layouts/application (0.3ms)
Completed 200 OK in 20ms (Views: 18.4ms | ActiveRecord: 0.0ms)


Started GET "/tasks/400" for 127.0.0.1 at 2018-09-17 16:02:56 -0700
Processing by TasksController#show as HTML
  Parameters: {"id"=>"400"}
  Rendering tasks/show.html.erb within layouts/application
  Rendered tasks/show.html.erb within layouts/application (0.3ms)
Completed 200 OK in 18ms (Views: 16.9ms | ActiveRecord: 0.0ms)


Started GET "/tasks/fdalfdjsl" for 127.0.0.1 at 2018-09-17 16:03:00 -0700
Processing by TasksController#show as HTML
  Parameters: {"id"=>"fdalfdjsl"}
  Rendering tasks/show.html.erb within layouts/application
  Rendered tasks/show.html.erb within layouts/application (0.4ms)
Completed 200 OK in 20ms (Views: 18.3ms | ActiveRecord: 0.0ms)


Started GET "/tasks/1" for 127.0.0.1 at 2018-09-17 16:04:54 -0700
Processing by TasksController#show as HTML
  Parameters: {"id"=>"1"}
  Rendering tasks/show.html.erb within layouts/application
  Rendered tasks/show.html.erb within layouts/application (0.3ms)
Completed 200 OK in 31ms (Views: 28.8ms | ActiveRecord: 0.0ms)


Started GET "/tasks" for 127.0.0.1 at 2018-09-17 16:05:06 -0700
Processing by TasksController#index as HTML
  Rendering tasks/index.html.erb within layouts/application
  Rendered tasks/index.html.erb within layouts/application (0.4ms)
Completed 200 OK in 26ms (Views: 24.4ms | ActiveRecord: 0.0ms)


Started GET "/tasks/0" for 127.0.0.1 at 2018-09-17 16:05:11 -0700
Processing by TasksController#show as HTML
  Parameters: {"id"=>"0"}
  Rendering tasks/show.html.erb within layouts/application
  Rendered tasks/show.html.erb within layouts/application (0.5ms)
Completed 200 OK in 19ms (Views: 17.7ms | ActiveRecord: 0.0ms)


Started GET "/tasks/400" for 127.0.0.1 at 2018-09-17 16:05:17 -0700
Processing by TasksController#show as HTML
  Parameters: {"id"=>"400"}
  Rendering tasks/show.html.erb within layouts/application
  Rendered tasks/show.html.erb within layouts/application (0.6ms)
Completed 200 OK in 20ms (Views: 18.3ms | ActiveRecord: 0.0ms)


Started GET "/tasks/400" for 127.0.0.1 at 2018-09-17 16:05:52 -0700
Processing by TasksController#show as HTML
  Parameters: {"id"=>"400"}
Completed 404 Not Found in 1ms (ActiveRecord: 0.0ms)


Started GET "/tasks/3" for 127.0.0.1 at 2018-09-17 16:05:56 -0700
Processing by TasksController#show as HTML
  Parameters: {"id"=>"3"}
  Rendering tasks/show.html.erb within layouts/application
  Rendered tasks/show.html.erb within layouts/application (0.6ms)
Completed 200 OK in 21ms (Views: 20.1ms | ActiveRecord: 0.0ms)


Started GET "/tasks/500" for 127.0.0.1 at 2018-09-17 16:06:00 -0700
Processing by TasksController#show as HTML
  Parameters: {"id"=>"500"}
Completed 404 Not Found in 0ms (ActiveRecord: 0.0ms)


Started GET "/tasks" for 127.0.0.1 at 2018-09-17 16:06:02 -0700
Processing by TasksController#index as HTML
  Rendering tasks/index.html.erb within layouts/application
  Rendered tasks/index.html.erb within layouts/application (0.5ms)
Completed 200 OK in 22ms (Views: 19.9ms | ActiveRecord: 0.0ms)


Started GET "/tasks" for 127.0.0.1 at 2018-09-17 16:08:40 -0700
Processing by TasksController#index as HTML
  Rendering tasks/index.html.erb within layouts/application
  Rendered tasks/index.html.erb within layouts/application (0.4ms)
Completed 200 OK in 24ms (Views: 22.5ms | ActiveRecord: 0.0ms)


Started GET "/tasks" for 127.0.0.1 at 2018-09-17 16:08:55 -0700
Processing by TasksController#index as HTML
  Rendering tasks/index.html.erb within layouts/application
  Rendered tasks/index.html.erb within layouts/application (0.4ms)
Completed 200 OK in 19ms (Views: 17.2ms | ActiveRecord: 0.0ms)


Started GET "/tasks" for 127.0.0.1 at 2018-09-17 16:11:46 -0700
Processing by TasksController#index as HTML
  Rendering tasks/index.html.erb within layouts/application
  Rendered tasks/index.html.erb within layouts/application (0.3ms)
Completed 200 OK in 22ms (Views: 19.6ms | ActiveRecord: 0.0ms)


Started GET "/tasks/3232" for 127.0.0.1 at 2018-09-17 16:11:49 -0700
Processing by TasksController#show as HTML
  Parameters: {"id"=>"3232"}
Completed 404 Not Found in 1ms (ActiveRecord: 0.0ms)


  [1m[35m (107.6ms)[0m  [1m[35mCREATE TABLE "schema_migrations" ("version" character varying NOT NULL PRIMARY KEY)[0m
  ↳ bin/rails:9
  [1m[35m (28.7ms)[0m  [1m[35mCREATE TABLE "ar_internal_metadata" ("key" character varying NOT NULL PRIMARY KEY, "value" character varying, "created_at" timestamp NOT NULL, "updated_at" timestamp NOT NULL)[0m
  ↳ bin/rails:9
  [1m[35m (1.0ms)[0m  [1m[34mSELECT pg_try_advisory_lock(4169262226251541860)[0m
  ↳ bin/rails:9
  [1m[35m (0.9ms)[0m  [1m[34mSELECT "schema_migrations"."version" FROM "schema_migrations" ORDER BY "schema_migrations"."version" ASC[0m
  ↳ bin/rails:9
Migrating to CreateTasks (20180918182636)
  [1m[35m (0.1ms)[0m  [1m[35mBEGIN[0m
  ↳ bin/rails:9
  [1m[35m (0.2ms)[0m  [1m[31mROLLBACK[0m
  ↳ bin/rails:9
  [1m[35m (0.2ms)[0m  [1m[34mSELECT pg_advisory_unlock(4169262226251541860)[0m
  ↳ bin/rails:9
  [1m[35m (0.7ms)[0m  [1m[34mSELECT "schema_migrations"."version" FROM "schema_migrations" ORDER BY "schema_migrations"."version" ASC[0m
  ↳ bin/rails:9
  [1m[35m (0.2ms)[0m  [1m[34mSELECT pg_try_advisory_lock(4169262226251541860)[0m
  ↳ bin/rails:9
  [1m[35m (0.5ms)[0m  [1m[34mSELECT "schema_migrations"."version" FROM "schema_migrations" ORDER BY "schema_migrations"."version" ASC[0m
  ↳ bin/rails:9
Migrating to CreateTasks (20180918182636)
  [1m[35m (0.1ms)[0m  [1m[35mBEGIN[0m
  ↳ bin/rails:9
  [1m[35m (0.2ms)[0m  [1m[31mROLLBACK[0m
  ↳ bin/rails:9
  [1m[35m (0.2ms)[0m  [1m[34mSELECT pg_advisory_unlock(4169262226251541860)[0m
  ↳ bin/rails:9
  [1m[35m (0.5ms)[0m  [1m[34mSELECT "schema_migrations"."version" FROM "schema_migrations" ORDER BY "schema_migrations"."version" ASC[0m
  ↳ bin/rails:9
  [1m[35m (0.1ms)[0m  [1m[34mSELECT pg_try_advisory_lock(4169262226251541860)[0m
  ↳ bin/rails:9
  [1m[35m (0.5ms)[0m  [1m[34mSELECT "schema_migrations"."version" FROM "schema_migrations" ORDER BY "schema_migrations"."version" ASC[0m
  ↳ bin/rails:9
Migrating to CreateTasks (20180918182636)
  [1m[35m (0.1ms)[0m  [1m[35mBEGIN[0m
  ↳ bin/rails:9
  [1m[35m (0.2ms)[0m  [1m[31mROLLBACK[0m
  ↳ bin/rails:9
  [1m[35m (0.3ms)[0m  [1m[34mSELECT pg_advisory_unlock(4169262226251541860)[0m
  ↳ bin/rails:9
  [1m[35m (0.5ms)[0m  [1m[34mSELECT "schema_migrations"."version" FROM "schema_migrations" ORDER BY "schema_migrations"."version" ASC[0m
  ↳ bin/rails:9
  [1m[35m (0.5ms)[0m  [1m[34mSELECT "schema_migrations"."version" FROM "schema_migrations" ORDER BY "schema_migrations"."version" ASC[0m
  ↳ bin/rails:9
  [1m[35m (0.2ms)[0m  [1m[34mSELECT pg_try_advisory_lock(4169262226251541860)[0m
  ↳ bin/rails:9
  [1m[35m (0.5ms)[0m  [1m[34mSELECT "schema_migrations"."version" FROM "schema_migrations" ORDER BY "schema_migrations"."version" ASC[0m
  ↳ bin/rails:9
Migrating to CreateTasks (20180918182636)
  [1m[35m (0.1ms)[0m  [1m[35mBEGIN[0m
  ↳ bin/rails:9
  [1m[35m (0.2ms)[0m  [1m[31mROLLBACK[0m
  ↳ bin/rails:9
  [1m[35m (0.2ms)[0m  [1m[34mSELECT pg_advisory_unlock(4169262226251541860)[0m
  ↳ bin/rails:9
  [1m[35m (0.1ms)[0m  [1m[34mSELECT pg_try_advisory_lock(4169262226251541860)[0m
  ↳ bin/rails:9
  [1m[35m (0.5ms)[0m  [1m[34mSELECT "schema_migrations"."version" FROM "schema_migrations" ORDER BY "schema_migrations"."version" ASC[0m
  ↳ bin/rails:9
Migrating to CreateTasks (20180918182636)
  [1m[35m (0.1ms)[0m  [1m[35mBEGIN[0m
  ↳ bin/rails:9
  [1m[35m (28.3ms)[0m  [1m[35mCREATE TABLE "tasks" ("id" bigserial primary key, "action" character varying, "created_at" timestamp NOT NULL, "updated_at" timestamp NOT NULL)[0m
  ↳ db/migrate/20180918182636_create_tasks.rb:3
  [1m[36mActiveRecord::SchemaMigration Create (0.5ms)[0m  [1m[32mINSERT INTO "schema_migrations" ("version") VALUES ($1) RETURNING "version"[0m  [["version", "20180918182636"]]
  ↳ bin/rails:9
  [1m[35m (0.5ms)[0m  [1m[35mCOMMIT[0m
  ↳ bin/rails:9
  [1m[36mActiveRecord::InternalMetadata Load (0.3ms)[0m  [1m[34mSELECT  "ar_internal_metadata".* FROM "ar_internal_metadata" WHERE "ar_internal_metadata"."key" = $1 LIMIT $2[0m  [["key", "environment"], ["LIMIT", 1]]
  ↳ bin/rails:9
  [1m[35m (0.2ms)[0m  [1m[35mBEGIN[0m
  ↳ bin/rails:9
  [1m[36mActiveRecord::InternalMetadata Create (0.4ms)[0m  [1m[32mINSERT INTO "ar_internal_metadata" ("key", "value", "created_at", "updated_at") VALUES ($1, $2, $3, $4) RETURNING "key"[0m  [["key", "environment"], ["value", "development"], ["created_at", "2018-09-18 18:34:17.709574"], ["updated_at", "2018-09-18 18:34:17.709574"]]
  ↳ bin/rails:9
  [1m[35m (6.1ms)[0m  [1m[35mCOMMIT[0m
  ↳ bin/rails:9
  [1m[35m (0.3ms)[0m  [1m[34mSELECT pg_advisory_unlock(4169262226251541860)[0m
  ↳ bin/rails:9
  [1m[35m (0.3ms)[0m  [1m[34mSELECT "schema_migrations"."version" FROM "schema_migrations" ORDER BY "schema_migrations"."version" ASC[0m
  ↳ bin/rails:9
  [1m[35m (0.5ms)[0m  [1m[34mSELECT "schema_migrations"."version" FROM "schema_migrations" ORDER BY "schema_migrations"."version" ASC[0m
  ↳ bin/rails:9
  [1m[35m (0.1ms)[0m  [1m[34mSELECT pg_try_advisory_lock(4169262226251541860)[0m
  ↳ bin/rails:9
  [1m[35m (0.5ms)[0m  [1m[34mSELECT "schema_migrations"."version" FROM "schema_migrations" ORDER BY "schema_migrations"."version" ASC[0m
  ↳ bin/rails:9
Migrating to AddCompletionDate (20180918183511)
  [1m[35m (0.1ms)[0m  [1m[35mBEGIN[0m
  ↳ bin/rails:9
  [1m[36mActiveRecord::SchemaMigration Create (0.4ms)[0m  [1m[32mINSERT INTO "schema_migrations" ("version") VALUES ($1) RETURNING "version"[0m  [["version", "20180918183511"]]
  ↳ bin/rails:9
  [1m[35m (6.3ms)[0m  [1m[35mCOMMIT[0m
  ↳ bin/rails:9
  [1m[36mActiveRecord::InternalMetadata Load (0.3ms)[0m  [1m[34mSELECT  "ar_internal_metadata".* FROM "ar_internal_metadata" WHERE "ar_internal_metadata"."key" = $1 LIMIT $2[0m  [["key", "environment"], ["LIMIT", 1]]
  ↳ bin/rails:9
  [1m[35m (0.1ms)[0m  [1m[35mBEGIN[0m
  ↳ bin/rails:9
  [1m[35m (0.1ms)[0m  [1m[35mCOMMIT[0m
  ↳ bin/rails:9
  [1m[35m (0.2ms)[0m  [1m[34mSELECT pg_advisory_unlock(4169262226251541860)[0m
  ↳ bin/rails:9
  [1m[35m (0.2ms)[0m  [1m[34mSELECT "schema_migrations"."version" FROM "schema_migrations" ORDER BY "schema_migrations"."version" ASC[0m
  ↳ bin/rails:9
  [1m[35m (0.5ms)[0m  [1m[34mSELECT "schema_migrations"."version" FROM "schema_migrations" ORDER BY "schema_migrations"."version" ASC[0m
  ↳ bin/rails:9
  [1m[35m (0.5ms)[0m  [1m[34mSELECT "schema_migrations"."version" FROM "schema_migrations" ORDER BY "schema_migrations"."version" ASC[0m
  ↳ bin/rails:9
  [1m[35m (0.2ms)[0m  [1m[34mSELECT "schema_migrations"."version" FROM "schema_migrations" ORDER BY "schema_migrations"."version" ASC[0m
  ↳ bin/rails:9
  [1m[35m (0.2ms)[0m  [1m[34mSELECT "schema_migrations"."version" FROM "schema_migrations" ORDER BY "schema_migrations"."version" ASC[0m
  ↳ bin/rails:9
  [1m[35m (0.1ms)[0m  [1m[34mSELECT pg_try_advisory_lock(4169262226251541860)[0m
  ↳ bin/rails:9
  [1m[35m (0.2ms)[0m  [1m[34mSELECT "schema_migrations"."version" FROM "schema_migrations" ORDER BY "schema_migrations"."version" ASC[0m
  ↳ bin/rails:9
Migrating to AddCompletionDate (20180918183511)
  [1m[35m (0.3ms)[0m  [1m[35mBEGIN[0m
  ↳ bin/rails:9
  [1m[35m (27.2ms)[0m  [1m[35mALTER TABLE "tasks" DROP COLUMN "completed_date"[0m
  ↳ bin/rails:9
  [1m[35m (0.3ms)[0m  [1m[31mROLLBACK[0m
  ↳ bin/rails:9
  [1m[35m (1.3ms)[0m  [1m[34mSELECT pg_advisory_unlock(4169262226251541860)[0m
  ↳ bin/rails:9
  [1m[35m (0.2ms)[0m  [1m[34mSELECT pg_try_advisory_lock(4169262226251541860)[0m
  ↳ bin/rails:9
  [1m[35m (0.5ms)[0m  [1m[34mSELECT "schema_migrations"."version" FROM "schema_migrations" ORDER BY "schema_migrations"."version" ASC[0m
  ↳ bin/rails:9
  [1m[36mActiveRecord::InternalMetadata Load (0.3ms)[0m  [1m[34mSELECT  "ar_internal_metadata".* FROM "ar_internal_metadata" WHERE "ar_internal_metadata"."key" = $1 LIMIT $2[0m  [["key", "environment"], ["LIMIT", 1]]
  ↳ bin/rails:9
  [1m[35m (0.2ms)[0m  [1m[35mBEGIN[0m
  ↳ bin/rails:9
  [1m[35m (0.1ms)[0m  [1m[35mCOMMIT[0m
  ↳ bin/rails:9
  [1m[35m (0.2ms)[0m  [1m[34mSELECT pg_advisory_unlock(4169262226251541860)[0m
  ↳ bin/rails:9
  [1m[35m (0.2ms)[0m  [1m[34mSELECT "schema_migrations"."version" FROM "schema_migrations" ORDER BY "schema_migrations"."version" ASC[0m
  ↳ bin/rails:9
  [1m[35m (0.5ms)[0m  [1m[34mSELECT "schema_migrations"."version" FROM "schema_migrations" ORDER BY "schema_migrations"."version" ASC[0m
  ↳ bin/rails:9
  [1m[35m (0.5ms)[0m  [1m[34mSELECT "schema_migrations"."version" FROM "schema_migrations" ORDER BY "schema_migrations"."version" ASC[0m
  ↳ bin/rails:9
  [1m[35m (0.2ms)[0m  [1m[34mSELECT "schema_migrations"."version" FROM "schema_migrations" ORDER BY "schema_migrations"."version" ASC[0m
  ↳ bin/rails:9
  [1m[35m (0.4ms)[0m  [1m[34mSELECT "schema_migrations"."version" FROM "schema_migrations" ORDER BY "schema_migrations"."version" ASC[0m
  ↳ bin/rails:9
  [1m[35m (0.4ms)[0m  [1m[34mSELECT pg_try_advisory_lock(4169262226251541860)[0m
  ↳ bin/rails:9
  [1m[35m (0.3ms)[0m  [1m[34mSELECT "schema_migrations"."version" FROM "schema_migrations" ORDER BY "schema_migrations"."version" ASC[0m
  ↳ bin/rails:9
Migrating to AddCompletionDate (20180918183511)
  [1m[35m (0.4ms)[0m  [1m[35mBEGIN[0m
  ↳ bin/rails:9
  [1m[35m (3.0ms)[0m  [1m[35mALTER TABLE "tasks" DROP COLUMN "completed_date"[0m
  ↳ bin/rails:9
  [1m[35m (0.7ms)[0m  [1m[31mROLLBACK[0m
  ↳ bin/rails:9
  [1m[35m (0.3ms)[0m  [1m[34mSELECT pg_advisory_unlock(4169262226251541860)[0m
  ↳ bin/rails:9
  [1m[35m (0.1ms)[0m  [1m[34mSELECT pg_try_advisory_lock(4169262226251541860)[0m
  ↳ bin/rails:9
  [1m[35m (0.5ms)[0m  [1m[34mSELECT "schema_migrations"."version" FROM "schema_migrations" ORDER BY "schema_migrations"."version" ASC[0m
  ↳ bin/rails:9
  [1m[36mActiveRecord::InternalMetadata Load (0.3ms)[0m  [1m[34mSELECT  "ar_internal_metadata".* FROM "ar_internal_metadata" WHERE "ar_internal_metadata"."key" = $1 LIMIT $2[0m  [["key", "environment"], ["LIMIT", 1]]
  ↳ bin/rails:9
  [1m[35m (0.2ms)[0m  [1m[35mBEGIN[0m
  ↳ bin/rails:9
  [1m[35m (0.1ms)[0m  [1m[35mCOMMIT[0m
  ↳ bin/rails:9
  [1m[35m (0.2ms)[0m  [1m[34mSELECT pg_advisory_unlock(4169262226251541860)[0m
  ↳ bin/rails:9
  [1m[35m (0.2ms)[0m  [1m[34mSELECT "schema_migrations"."version" FROM "schema_migrations" ORDER BY "schema_migrations"."version" ASC[0m
  ↳ bin/rails:9
  [1m[35m (0.6ms)[0m  [1m[34mSELECT "schema_migrations"."version" FROM "schema_migrations" ORDER BY "schema_migrations"."version" ASC[0m
  ↳ bin/rails:9
  [1m[35m (0.4ms)[0m  [1m[34mSELECT "schema_migrations"."version" FROM "schema_migrations" ORDER BY "schema_migrations"."version" ASC[0m
  ↳ bin/rails:9
  [1m[35m (0.4ms)[0m  [1m[34mSELECT "schema_migrations"."version" FROM "schema_migrations" ORDER BY "schema_migrations"."version" ASC[0m
  ↳ bin/rails:9
  [1m[35m (0.1ms)[0m  [1m[34mSELECT pg_try_advisory_lock(4169262226251541860)[0m
  ↳ bin/rails:9
  [1m[35m (0.2ms)[0m  [1m[34mSELECT "schema_migrations"."version" FROM "schema_migrations" ORDER BY "schema_migrations"."version" ASC[0m
  ↳ bin/rails:9
Migrating to AddCompletionDate (20180918183511)
  [1m[35m (0.1ms)[0m  [1m[35mBEGIN[0m
  ↳ bin/rails:9
  [1m[35m (1.4ms)[0m  [1m[35mALTER TABLE "tasks" DROP COLUMN "completed_date"[0m
  ↳ bin/rails:9
  [1m[35m (0.1ms)[0m  [1m[31mROLLBACK[0m
  ↳ bin/rails:9
  [1m[35m (0.3ms)[0m  [1m[34mSELECT pg_advisory_unlock(4169262226251541860)[0m
  ↳ bin/rails:9
  [1m[35m (0.5ms)[0m  [1m[34mSELECT "schema_migrations"."version" FROM "schema_migrations" ORDER BY "schema_migrations"."version" ASC[0m
  ↳ bin/rails:9
  [1m[35m (0.2ms)[0m  [1m[34mSELECT "schema_migrations"."version" FROM "schema_migrations" ORDER BY "schema_migrations"."version" ASC[0m
  ↳ bin/rails:9
  [1m[35m (0.2ms)[0m  [1m[34mSELECT "schema_migrations"."version" FROM "schema_migrations" ORDER BY "schema_migrations"."version" ASC[0m
  ↳ bin/rails:9
  [1m[35m (0.2ms)[0m  [1m[34mSELECT pg_try_advisory_lock(4169262226251541860)[0m
  ↳ bin/rails:9
  [1m[35m (0.2ms)[0m  [1m[34mSELECT "schema_migrations"."version" FROM "schema_migrations" ORDER BY "schema_migrations"."version" ASC[0m
  ↳ bin/rails:9
Migrating to AddCompletionDate (20180918183511)
  [1m[35m (0.2ms)[0m  [1m[35mBEGIN[0m
  ↳ bin/rails:9
  [1m[36mActiveRecord::SchemaMigration Destroy (0.5ms)[0m  [1m[31mDELETE FROM "schema_migrations" WHERE "schema_migrations"."version" = $1[0m  [["version", "20180918183511"]]
  ↳ bin/rails:9
  [1m[35m (6.6ms)[0m  [1m[35mCOMMIT[0m
  ↳ bin/rails:9
  [1m[35m (0.5ms)[0m  [1m[34mSELECT pg_advisory_unlock(4169262226251541860)[0m
  ↳ bin/rails:9
  [1m[35m (0.3ms)[0m  [1m[34mSELECT "schema_migrations"."version" FROM "schema_migrations" ORDER BY "schema_migrations"."version" ASC[0m
  ↳ bin/rails:9
  [1m[35m (0.5ms)[0m  [1m[34mSELECT "schema_migrations"."version" FROM "schema_migrations" ORDER BY "schema_migrations"."version" ASC[0m
  ↳ bin/rails:9
  [1m[35m (0.1ms)[0m  [1m[34mSELECT pg_try_advisory_lock(4169262226251541860)[0m
  ↳ bin/rails:9
  [1m[35m (0.5ms)[0m  [1m[34mSELECT "schema_migrations"."version" FROM "schema_migrations" ORDER BY "schema_migrations"."version" ASC[0m
  ↳ bin/rails:9
Migrating to AddCompletionDate (20180918183511)
  [1m[35m (0.3ms)[0m  [1m[35mBEGIN[0m
  ↳ bin/rails:9
  [1m[35m (0.6ms)[0m  [1m[35mALTER TABLE "tasks" ADD "completed_date" date[0m
  ↳ db/migrate/20180918183511_add_completion_date.rb:4
  [1m[36mActiveRecord::SchemaMigration Create (0.4ms)[0m  [1m[32mINSERT INTO "schema_migrations" ("version") VALUES ($1) RETURNING "version"[0m  [["version", "20180918183511"]]
  ↳ bin/rails:9
  [1m[35m (5.9ms)[0m  [1m[35mCOMMIT[0m
  ↳ bin/rails:9
  [1m[36mActiveRecord::InternalMetadata Load (0.3ms)[0m  [1m[34mSELECT  "ar_internal_metadata".* FROM "ar_internal_metadata" WHERE "ar_internal_metadata"."key" = $1 LIMIT $2[0m  [["key", "environment"], ["LIMIT", 1]]
  ↳ bin/rails:9
  [1m[35m (0.1ms)[0m  [1m[35mBEGIN[0m
  ↳ bin/rails:9
  [1m[35m (0.1ms)[0m  [1m[35mCOMMIT[0m
  ↳ bin/rails:9
  [1m[35m (0.2ms)[0m  [1m[34mSELECT pg_advisory_unlock(4169262226251541860)[0m
  ↳ bin/rails:9
  [1m[35m (0.2ms)[0m  [1m[34mSELECT "schema_migrations"."version" FROM "schema_migrations" ORDER BY "schema_migrations"."version" ASC[0m
  ↳ bin/rails:9
  [1m[36mTask Load (0.9ms)[0m  [1m[34mSELECT "tasks".* FROM "tasks"[0m
  [1m[35m (0.2ms)[0m  [1m[35mBEGIN[0m
  [1m[36mTask Create (2.0ms)[0m  [1m[32mINSERT INTO "tasks" ("id", "action", "created_at", "updated_at", "completed_date") VALUES ($1, $2, $3, $4, $5) RETURNING "id"[0m  [["id", 1], ["action", "Do socks laundry"], ["created_at", "2018-09-18 21:46:27.118509"], ["updated_at", "2018-09-18 21:46:27.118509"], ["completed_date", "2018-10-09"]]
  [1m[35m (79.5ms)[0m  [1m[35mCOMMIT[0m
  [1m[36mTask Load (0.3ms)[0m  [1m[34mSELECT "tasks".* FROM "tasks"[0m
  [1m[35m (0.3ms)[0m  [1m[35mBEGIN[0m
  [1m[36mTask Create (0.4ms)[0m  [1m[32mINSERT INTO "tasks" ("id", "action", "created_at", "updated_at", "completed_date") VALUES ($1, $2, $3, $4, $5) RETURNING "id"[0m  [["id", 2], ["action", "Become a pokemon master"], ["created_at", "2018-09-18 21:48:36.112497"], ["updated_at", "2018-09-18 21:48:36.112497"], ["completed_date", "2018-10-09"]]
  [1m[35m (1.2ms)[0m  [1m[35mCOMMIT[0m
  [1m[36mTask Load (0.5ms)[0m  [1m[34mSELECT "tasks".* FROM "tasks"[0m
  [1m[36mTask Load (0.5ms)[0m  [1m[34mSELECT "tasks".* FROM "tasks"[0m
  [1m[36mTask Load (0.4ms)[0m  [1m[34mSELECT "tasks".* FROM "tasks"[0m
  [1m[35m (0.6ms)[0m  [1m[34mSELECT "schema_migrations"."version" FROM "schema_migrations" ORDER BY "schema_migrations"."version" ASC[0m
  ↳ bin/rails:9
  [1m[35m (1.8ms)[0m  [1m[34mSELECT "schema_migrations"."version" FROM "schema_migrations" ORDER BY "schema_migrations"."version" ASC[0m
  ↳ bin/rails:9
  [1m[35m (0.2ms)[0m  [1m[34mSELECT "schema_migrations"."version" FROM "schema_migrations" ORDER BY "schema_migrations"."version" ASC[0m
  ↳ bin/rails:9
  [1m[35m (0.2ms)[0m  [1m[34mSELECT "schema_migrations"."version" FROM "schema_migrations" ORDER BY "schema_migrations"."version" ASC[0m
  ↳ bin/rails:9
  [1m[35m (0.1ms)[0m  [1m[34mSELECT pg_try_advisory_lock(4169262226251541860)[0m
  ↳ bin/rails:9
  [1m[35m (0.2ms)[0m  [1m[34mSELECT "schema_migrations"."version" FROM "schema_migrations" ORDER BY "schema_migrations"."version" ASC[0m
  ↳ bin/rails:9
Migrating to AddCompletionDate (20180918183511)
  [1m[35m (0.4ms)[0m  [1m[35mBEGIN[0m
  ↳ bin/rails:9
  [1m[35m (26.0ms)[0m  [1m[35mALTER TABLE "tasks" DROP COLUMN "completed_date"[0m
  ↳ bin/rails:9
  [1m[36mActiveRecord::SchemaMigration Destroy (3.6ms)[0m  [1m[31mDELETE FROM "schema_migrations" WHERE "schema_migrations"."version" = $1[0m  [["version", "20180918183511"]]
  ↳ bin/rails:9
  [1m[35m (6.3ms)[0m  [1m[35mCOMMIT[0m
  ↳ bin/rails:9
  [1m[35m (0.3ms)[0m  [1m[34mSELECT pg_advisory_unlock(4169262226251541860)[0m
  ↳ bin/rails:9
  [1m[35m (0.3ms)[0m  [1m[34mSELECT "schema_migrations"."version" FROM "schema_migrations" ORDER BY "schema_migrations"."version" ASC[0m
  ↳ bin/rails:9
  [1m[35m (0.5ms)[0m  [1m[34mSELECT "schema_migrations"."version" FROM "schema_migrations" ORDER BY "schema_migrations"."version" ASC[0m
  ↳ bin/rails:9
  [1m[35m (0.2ms)[0m  [1m[34mSELECT pg_try_advisory_lock(4169262226251541860)[0m
  ↳ bin/rails:9
  [1m[35m (1.3ms)[0m  [1m[34mSELECT "schema_migrations"."version" FROM "schema_migrations" ORDER BY "schema_migrations"."version" ASC[0m
  ↳ bin/rails:9
Migrating to AddCompletionDate (20180918183511)
  [1m[35m (0.2ms)[0m  [1m[35mBEGIN[0m
  ↳ bin/rails:9
  [1m[35m (0.5ms)[0m  [1m[35mALTER TABLE "tasks" ADD "completed_date" date[0m
  ↳ db/migrate/20180918183511_add_completion_date.rb:4
  [1m[36mActiveRecord::SchemaMigration Create (0.5ms)[0m  [1m[32mINSERT INTO "schema_migrations" ("version") VALUES ($1) RETURNING "version"[0m  [["version", "20180918183511"]]
  ↳ bin/rails:9
  [1m[35m (83.4ms)[0m  [1m[35mCOMMIT[0m
  ↳ bin/rails:9
  [1m[36mActiveRecord::InternalMetadata Load (0.4ms)[0m  [1m[34mSELECT  "ar_internal_metadata".* FROM "ar_internal_metadata" WHERE "ar_internal_metadata"."key" = $1 LIMIT $2[0m  [["key", "environment"], ["LIMIT", 1]]
  ↳ bin/rails:9
  [1m[35m (0.1ms)[0m  [1m[35mBEGIN[0m
  ↳ bin/rails:9
  [1m[35m (0.1ms)[0m  [1m[35mCOMMIT[0m
  ↳ bin/rails:9
  [1m[35m (0.2ms)[0m  [1m[34mSELECT pg_advisory_unlock(4169262226251541860)[0m
  ↳ bin/rails:9
  [1m[35m (0.2ms)[0m  [1m[34mSELECT "schema_migrations"."version" FROM "schema_migrations" ORDER BY "schema_migrations"."version" ASC[0m
  ↳ bin/rails:9
Started GET "/tasks" for 127.0.0.1 at 2018-09-18 14:57:25 -0700
  [1m[35m (0.7ms)[0m  [1m[34mSELECT "schema_migrations"."version" FROM "schema_migrations" ORDER BY "schema_migrations"."version" ASC[0m
  ↳ /Users/goeunpark/.rvm/gems/ruby-2.5.1@TaskListRails/gems/activerecord-5.2.1/lib/active_record/log_subscriber.rb:98
Processing by TasksController#index as HTML
Completed 500 Internal Server Error in 211ms (ActiveRecord: 0.0ms)



NameError - undefined local variable or method `task' for #<TasksController:0x00007f9869ae8ce8>:
  app/controllers/tasks_controller.rb:4:in `index'

Started POST "/__better_errors/7da7efb4ded17d24/variables" for 127.0.0.1 at 2018-09-18 14:57:26 -0700
  [1m[35m (0.8ms)[0m  [1m[34mSELECT "schema_migrations"."version" FROM "schema_migrations" ORDER BY "schema_migrations"."version" ASC[0m
  ↳ bin/rails:9
  [1m[35m (0.2ms)[0m  [1m[34mSELECT "schema_migrations"."version" FROM "schema_migrations" ORDER BY "schema_migrations"."version" ASC[0m
  ↳ bin/rails:9
  [1m[35m (0.2ms)[0m  [1m[34mSELECT "schema_migrations"."version" FROM "schema_migrations" ORDER BY "schema_migrations"."version" ASC[0m
  ↳ bin/rails:9
  [1m[35m (0.2ms)[0m  [1m[34mSELECT pg_try_advisory_lock(4169262226251541860)[0m
  ↳ bin/rails:9
  [1m[35m (0.2ms)[0m  [1m[34mSELECT "schema_migrations"."version" FROM "schema_migrations" ORDER BY "schema_migrations"."version" ASC[0m
  ↳ bin/rails:9
Migrating to AddCompletionDate (20180918183511)
  [1m[35m (0.2ms)[0m  [1m[35mBEGIN[0m
  ↳ bin/rails:9
  [1m[35m (0.7ms)[0m  [1m[35mALTER TABLE "tasks" DROP COLUMN "completed_date"[0m
  ↳ bin/rails:9
  [1m[36mActiveRecord::SchemaMigration Destroy (0.5ms)[0m  [1m[31mDELETE FROM "schema_migrations" WHERE "schema_migrations"."version" = $1[0m  [["version", "20180918183511"]]
  ↳ bin/rails:9
  [1m[35m (1.2ms)[0m  [1m[35mCOMMIT[0m
  ↳ bin/rails:9
  [1m[35m (0.2ms)[0m  [1m[34mSELECT pg_advisory_unlock(4169262226251541860)[0m
  ↳ bin/rails:9
  [1m[35m (0.2ms)[0m  [1m[34mSELECT "schema_migrations"."version" FROM "schema_migrations" ORDER BY "schema_migrations"."version" ASC[0m
  ↳ bin/rails:9
  [1m[35m (1.2ms)[0m  [1m[34mSELECT "schema_migrations"."version" FROM "schema_migrations" ORDER BY "schema_migrations"."version" ASC[0m
  ↳ bin/rails:9
  [1m[35m (0.2ms)[0m  [1m[34mSELECT pg_try_advisory_lock(4169262226251541860)[0m
  ↳ bin/rails:9
  [1m[35m (0.5ms)[0m  [1m[34mSELECT "schema_migrations"."version" FROM "schema_migrations" ORDER BY "schema_migrations"."version" ASC[0m
  ↳ bin/rails:9
Migrating to AddCompletionDate (20180918183511)
  [1m[35m (0.2ms)[0m  [1m[35mBEGIN[0m
  ↳ bin/rails:9
  [1m[35m (0.8ms)[0m  [1m[35mALTER TABLE "tasks" ADD "completed_date" date[0m
  ↳ db/migrate/20180918183511_add_completion_date.rb:4
  [1m[36mActiveRecord::SchemaMigration Create (0.4ms)[0m  [1m[32mINSERT INTO "schema_migrations" ("version") VALUES ($1) RETURNING "version"[0m  [["version", "20180918183511"]]
  ↳ bin/rails:9
  [1m[35m (1.3ms)[0m  [1m[35mCOMMIT[0m
  ↳ bin/rails:9
  [1m[36mActiveRecord::InternalMetadata Load (1.0ms)[0m  [1m[34mSELECT  "ar_internal_metadata".* FROM "ar_internal_metadata" WHERE "ar_internal_metadata"."key" = $1 LIMIT $2[0m  [["key", "environment"], ["LIMIT", 1]]
  ↳ bin/rails:9
  [1m[35m (0.1ms)[0m  [1m[35mBEGIN[0m
  ↳ bin/rails:9
  [1m[35m (0.1ms)[0m  [1m[35mCOMMIT[0m
  ↳ bin/rails:9
  [1m[35m (0.2ms)[0m  [1m[34mSELECT pg_advisory_unlock(4169262226251541860)[0m
  ↳ bin/rails:9
  [1m[35m (0.2ms)[0m  [1m[34mSELECT "schema_migrations"."version" FROM "schema_migrations" ORDER BY "schema_migrations"."version" ASC[0m
  ↳ bin/rails:9
Started GET "/tasks" for 127.0.0.1 at 2018-09-18 14:59:47 -0700
Processing by TasksController#index as HTML
  Rendering tasks/index.html.erb within layouts/application
  [1m[36mTask Load (0.5ms)[0m  [1m[34mSELECT "tasks".* FROM "tasks"[0m
  ↳ app/views/tasks/index.html.erb:4
  Rendered tasks/index.html.erb within layouts/application (19.1ms)
Completed 200 OK in 412ms (Views: 399.3ms | ActiveRecord: 8.8ms)


Started GET "/tasks" for 127.0.0.1 at 2018-09-18 15:03:34 -0700
Processing by TasksController#index as HTML
  Rendering tasks/index.html.erb within layouts/application
  [1m[36mTask Load (0.5ms)[0m  [1m[34mSELECT "tasks".* FROM "tasks"[0m
  ↳ app/views/tasks/index.html.erb:4
  Rendered tasks/index.html.erb within layouts/application (1.7ms)
Completed 200 OK in 21ms (Views: 19.5ms | ActiveRecord: 0.5ms)


Started GET "/tasks" for 127.0.0.1 at 2018-09-18 15:04:57 -0700
Processing by TasksController#index as HTML
  Rendering tasks/index.html.erb within layouts/application
  [1m[36mTask Load (0.3ms)[0m  [1m[34mSELECT "tasks".* FROM "tasks"[0m
  ↳ app/views/tasks/index.html.erb:4
  Rendered tasks/index.html.erb within layouts/application (1.2ms)
Completed 200 OK in 42ms (Views: 39.1ms | ActiveRecord: 0.3ms)


Started GET "/tasks/1" for 127.0.0.1 at 2018-09-18 15:04:59 -0700
Processing by TasksController#show as HTML
  Parameters: {"id"=>"1"}
  Rendering tasks/show.html.erb within layouts/application
  Rendered tasks/show.html.erb within layouts/application (17.4ms)
Completed 500 Internal Server Error in 25ms (ActiveRecord: 0.0ms)



NoMethodError - undefined method `action' for "Do laundry":String:
  app/views/tasks/show.html.erb:4:in `_app_views_tasks_show_html_erb___2676002520712923456_70146339424840'

Started POST "/__better_errors/1f4cbd2e37d83b76/variables" for 127.0.0.1 at 2018-09-18 15:05:00 -0700
Started GET "/tasks/1" for 127.0.0.1 at 2018-09-18 15:05:17 -0700
Processing by TasksController#show as HTML
  Parameters: {"id"=>"1"}
  Rendering tasks/show.html.erb within layouts/application
  Rendered tasks/show.html.erb within layouts/application (371.7ms)
Completed 500 Internal Server Error in 376ms (ActiveRecord: 0.0ms)



NameError - undefined local variable or method `task' for #<#<Class:0x00007f986ae2f4a0>:0x00007f9869f65168>
Did you mean?  @task:
  app/views/tasks/show.html.erb:4:in `_app_views_tasks_show_html_erb___2676002520712923456_70146301582900'

Started POST "/__better_errors/8a29cb4f5120eca8/variables" for 127.0.0.1 at 2018-09-18 15:05:18 -0700
Started POST "/__better_errors/8a29cb4f5120eca8/eval" for 127.0.0.1 at 2018-09-18 15:05:28 -0700
Started GET "/tasks/1" for 127.0.0.1 at 2018-09-18 15:05:29 -0700
Processing by TasksController#show as HTML
  Parameters: {"id"=>"1"}
  Rendering tasks/show.html.erb within layouts/application
  Rendered tasks/show.html.erb within layouts/application (0.4ms)
Completed 200 OK in 25ms (Views: 23.4ms | ActiveRecord: 0.0ms)


Started GET "/tasks" for 127.0.0.1 at 2018-09-18 15:06:34 -0700
Processing by TasksController#index as HTML
  Rendering tasks/index.html.erb within layouts/application
  [1m[36mTask Load (0.7ms)[0m  [1m[34mSELECT "tasks".* FROM "tasks"[0m
  ↳ app/views/tasks/index.html.erb:4
  Rendered tasks/index.html.erb within layouts/application (17.7ms)
Completed 200 OK in 73ms (Views: 60.0ms | ActiveRecord: 9.0ms)


Started GET "/tasks/1" for 127.0.0.1 at 2018-09-18 15:06:39 -0700
Processing by TasksController#show as HTML
  Parameters: {"id"=>"1"}
  Rendering tasks/show.html.erb within layouts/application
  Rendered tasks/show.html.erb within layouts/application (0.8ms)
Completed 200 OK in 24ms (Views: 22.8ms | ActiveRecord: 0.0ms)


Started GET "/tasks/1" for 127.0.0.1 at 2018-09-18 15:06:54 -0700
Processing by TasksController#show as HTML
  Parameters: {"id"=>"1"}
  Rendering tasks/show.html.erb within layouts/application
  [1m[36mTask Load (0.3ms)[0m  [1m[34mSELECT  "tasks".* FROM "tasks" LIMIT $1[0m  [["LIMIT", 11]]
  ↳ /Users/goeunpark/.rvm/rubies/ruby-2.5.1/lib/ruby/gems/2.5.0/gems/did_you_mean-1.2.0/lib/did_you_mean/core_ext/name_error.rb:8
  Rendered tasks/show.html.erb within layouts/application (8.8ms)
Completed 500 Internal Server Error in 14ms (ActiveRecord: 0.3ms)


  [1m[36mCACHE Task Load (0.0ms)[0m  [1m[34mSELECT  "tasks".* FROM "tasks" LIMIT $1[0m  [["LIMIT", 11]]
  ↳ /Users/goeunpark/.rvm/rubies/ruby-2.5.1/lib/ruby/gems/2.5.0/gems/did_you_mean-1.2.0/lib/did_you_mean/core_ext/name_error.rb:8

NoMethodError - undefined method `action' for #<Task::ActiveRecord_Relation:0x00007f986f240fb8>:
  app/views/tasks/show.html.erb:4:in `_app_views_tasks_show_html_erb___2676002520712923456_70146338234160'

Started POST "/__better_errors/3cb7377255fa43f6/variables" for 127.0.0.1 at 2018-09-18 15:06:54 -0700
  [1m[36mTask Load (2.6ms)[0m  [1m[34mSELECT  "tasks".* FROM "tasks" LIMIT $1[0m  [["LIMIT", 11]]
  ↳ /Users/goeunpark/.rvm/rubies/ruby-2.5.1/lib/ruby/gems/2.5.0/gems/did_you_mean-1.2.0/lib/did_you_mean/core_ext/name_error.rb:8
  [1m[36mCACHE Task Load (0.0ms)[0m  [1m[34mSELECT  "tasks".* FROM "tasks" LIMIT $1[0m  [["LIMIT", 11]]
  ↳ /Users/goeunpark/.rvm/rubies/ruby-2.5.1/lib/ruby/gems/2.5.0/gems/did_you_mean-1.2.0/lib/did_you_mean/core_ext/name_error.rb:8
  [1m[36mCACHE Task Load (0.0ms)[0m  [1m[34mSELECT  "tasks".* FROM "tasks" LIMIT $1[0m  [["LIMIT", 11]]
  ↳ /Users/goeunpark/.rvm/gems/ruby-2.5.1@TaskListRails/gems/activerecord-5.2.1/lib/active_record/log_subscriber.rb:98
  [1m[36mCACHE Task Load (0.0ms)[0m  [1m[34mSELECT  "tasks".* FROM "tasks" LIMIT $1[0m  [["LIMIT", 11]]
  ↳ /Users/goeunpark/.rvm/gems/ruby-2.5.1@TaskListRails/gems/activerecord-5.2.1/lib/active_record/log_subscriber.rb:98
  [1m[36mCACHE Task Load (0.0ms)[0m  [1m[34mSELECT  "tasks".* FROM "tasks" LIMIT $1[0m  [["LIMIT", 11]]
  ↳ /Users/goeunpark/.rvm/rubies/ruby-2.5.1/lib/ruby/gems/2.5.0/gems/did_you_mean-1.2.0/lib/did_you_mean/core_ext/name_error.rb:8
  [1m[36mCACHE Task Load (0.0ms)[0m  [1m[34mSELECT  "tasks".* FROM "tasks" LIMIT $1[0m  [["LIMIT", 11]]
  ↳ /Users/goeunpark/.rvm/rubies/ruby-2.5.1/lib/ruby/gems/2.5.0/gems/did_you_mean-1.2.0/lib/did_you_mean/core_ext/name_error.rb:8
  [1m[36mCACHE Task Load (0.0ms)[0m  [1m[34mSELECT  "tasks".* FROM "tasks" LIMIT $1[0m  [["LIMIT", 11]]
  ↳ /Users/goeunpark/.rvm/rubies/ruby-2.5.1/lib/ruby/gems/2.5.0/gems/did_you_mean-1.2.0/lib/did_you_mean/core_ext/name_error.rb:8
  [1m[36mCACHE Task Load (0.0ms)[0m  [1m[34mSELECT  "tasks".* FROM "tasks" LIMIT $1[0m  [["LIMIT", 11]]
  ↳ /Users/goeunpark/.rvm/rubies/ruby-2.5.1/lib/ruby/gems/2.5.0/gems/did_you_mean-1.2.0/lib/did_you_mean/core_ext/name_error.rb:8
  [1m[36mCACHE Task Load (0.0ms)[0m  [1m[34mSELECT  "tasks".* FROM "tasks" LIMIT $1[0m  [["LIMIT", 11]]
  ↳ /Users/goeunpark/.rvm/gems/ruby-2.5.1@TaskListRails/gems/activerecord-5.2.1/lib/active_record/log_subscriber.rb:98
  [1m[36mCACHE Task Load (0.0ms)[0m  [1m[34mSELECT  "tasks".* FROM "tasks" LIMIT $1[0m  [["LIMIT", 11]]
  ↳ /Users/goeunpark/.rvm/rubies/ruby-2.5.1/lib/ruby/gems/2.5.0/gems/did_you_mean-1.2.0/lib/did_you_mean/core_ext/name_error.rb:8
  [1m[36mCACHE Task Load (0.0ms)[0m  [1m[34mSELECT  "tasks".* FROM "tasks" LIMIT $1[0m  [["LIMIT", 11]]
  ↳ /Users/goeunpark/.rvm/rubies/ruby-2.5.1/lib/ruby/gems/2.5.0/gems/did_you_mean-1.2.0/lib/did_you_mean/core_ext/name_error.rb:8
  [1m[36mCACHE Task Load (0.0ms)[0m  [1m[34mSELECT  "tasks".* FROM "tasks" LIMIT $1[0m  [["LIMIT", 11]]
  ↳ /Users/goeunpark/.rvm/gems/ruby-2.5.1@TaskListRails/gems/activerecord-5.2.1/lib/active_record/log_subscriber.rb:98
  [1m[36mCACHE Task Load (0.0ms)[0m  [1m[34mSELECT  "tasks".* FROM "tasks" LIMIT $1[0m  [["LIMIT", 11]]
  ↳ /Users/goeunpark/.rvm/gems/ruby-2.5.1@TaskListRails/gems/activerecord-5.2.1/lib/active_record/log_subscriber.rb:98
Started GET "/tasks/1" for 127.0.0.1 at 2018-09-18 15:07:16 -0700
Processing by TasksController#show as HTML
  Parameters: {"id"=>"1"}
  Rendering tasks/show.html.erb within layouts/application
  Rendered tasks/show.html.erb within layouts/application (0.4ms)
Completed 200 OK in 22ms (Views: 20.4ms | ActiveRecord: 0.0ms)


Started GET "/tasks/1" for 127.0.0.1 at 2018-09-18 15:11:09 -0700
Processing by TasksController#show as HTML
  Parameters: {"id"=>"1"}
  Rendering tasks/show.html.erb within layouts/application
  Rendered tasks/show.html.erb within layouts/application (0.4ms)
Completed 200 OK in 29ms (Views: 26.8ms | ActiveRecord: 0.0ms)


Started GET "/tasks" for 127.0.0.1 at 2018-09-18 15:11:12 -0700
Processing by TasksController#index as HTML
  Rendering tasks/index.html.erb within layouts/application
  [1m[36mTask Load (0.3ms)[0m  [1m[34mSELECT "tasks".* FROM "tasks"[0m
  ↳ app/views/tasks/index.html.erb:4
  Rendered tasks/index.html.erb within layouts/application (9.7ms)
Completed 500 Internal Server Error in 13ms (ActiveRecord: 0.3ms)



NoMethodError - undefined method `completed_by' for #<Task:0x00007f986ba9d818>
Did you mean?  completed_date:
  app/views/tasks/index.html.erb:7:in `block in _app_views_tasks_index_html_erb___1470853811362895814_70146309070300'
  app/views/tasks/index.html.erb:4:in `_app_views_tasks_index_html_erb___1470853811362895814_70146309070300'

Started POST "/__better_errors/44e7d566fadfd811/variables" for 127.0.0.1 at 2018-09-18 15:11:12 -0700
Started GET "/tasks" for 127.0.0.1 at 2018-09-18 15:11:41 -0700
Processing by TasksController#index as HTML
  Rendering tasks/index.html.erb within layouts/application
  [1m[36mTask Load (0.7ms)[0m  [1m[34mSELECT "tasks".* FROM "tasks"[0m
  ↳ app/views/tasks/index.html.erb:4
  Rendered tasks/index.html.erb within layouts/application (3.6ms)
Completed 200 OK in 34ms (Views: 31.5ms | ActiveRecord: 0.7ms)


Started GET "/tasks" for 127.0.0.1 at 2018-09-18 15:11:52 -0700
Processing by TasksController#index as HTML
  Rendering tasks/index.html.erb within layouts/application
  [1m[36mTask Load (0.3ms)[0m  [1m[34mSELECT "tasks".* FROM "tasks"[0m
  ↳ app/views/tasks/index.html.erb:4
  Rendered tasks/index.html.erb within layouts/application (1.4ms)
Completed 200 OK in 18ms (Views: 15.9ms | ActiveRecord: 0.3ms)


Started GET "/tasks" for 127.0.0.1 at 2018-09-18 15:11:54 -0700
Processing by TasksController#index as HTML
  Rendering tasks/index.html.erb within layouts/application
  [1m[36mTask Load (0.3ms)[0m  [1m[34mSELECT "tasks".* FROM "tasks"[0m
  ↳ app/views/tasks/index.html.erb:4
  Rendered tasks/index.html.erb within layouts/application (1.4ms)
Completed 200 OK in 18ms (Views: 16.4ms | ActiveRecord: 0.3ms)


Started GET "/tasks" for 127.0.0.1 at 2018-09-18 15:12:06 -0700
Processing by TasksController#index as HTML
  Rendering tasks/index.html.erb within layouts/application
  [1m[36mTask Load (0.4ms)[0m  [1m[34mSELECT "tasks".* FROM "tasks"[0m
  ↳ app/views/tasks/index.html.erb:4
  Rendered tasks/index.html.erb within layouts/application (1.9ms)
Completed 200 OK in 26ms (Views: 23.3ms | ActiveRecord: 0.4ms)


Started GET "/tasks" for 127.0.0.1 at 2018-09-18 15:13:08 -0700
Processing by TasksController#index as HTML
  Rendering tasks/index.html.erb within layouts/application
  [1m[36mTask Load (0.3ms)[0m  [1m[34mSELECT "tasks".* FROM "tasks"[0m
  ↳ app/views/tasks/index.html.erb:4
  Rendered tasks/index.html.erb within layouts/application (1.3ms)
Completed 200 OK in 19ms (Views: 17.5ms | ActiveRecord: 0.2ms)


Started GET "/tasks" for 127.0.0.1 at 2018-09-18 15:13:19 -0700
Processing by TasksController#index as HTML
  Rendering tasks/index.html.erb within layouts/application
  [1m[36mTask Load (0.3ms)[0m  [1m[34mSELECT "tasks".* FROM "tasks"[0m
  ↳ app/views/tasks/index.html.erb:4
  Rendered tasks/index.html.erb within layouts/application (1.5ms)
Completed 200 OK in 17ms (Views: 15.4ms | ActiveRecord: 0.3ms)


Started GET "/tasks" for 127.0.0.1 at 2018-09-18 15:13:46 -0700
Processing by TasksController#index as HTML
  Rendering tasks/index.html.erb within layouts/application
  [1m[36mTask Load (0.3ms)[0m  [1m[34mSELECT "tasks".* FROM "tasks"[0m
  ↳ app/views/tasks/index.html.erb:4
  Rendered tasks/index.html.erb within layouts/application (1.5ms)
Completed 200 OK in 23ms (Views: 17.3ms | ActiveRecord: 0.3ms)


Started GET "/tasks" for 127.0.0.1 at 2018-09-18 15:14:29 -0700
Processing by TasksController#index as HTML
  Rendering tasks/index.html.erb within layouts/application
  [1m[36mTask Load (0.3ms)[0m  [1m[34mSELECT "tasks".* FROM "tasks"[0m
  ↳ app/views/tasks/index.html.erb:4
  Rendered tasks/index.html.erb within layouts/application (1.6ms)
Completed 200 OK in 21ms (Views: 19.2ms | ActiveRecord: 0.3ms)


Started GET "/tasks" for 127.0.0.1 at 2018-09-18 15:14:50 -0700
  [1m[35m (0.7ms)[0m  [1m[34mSELECT "schema_migrations"."version" FROM "schema_migrations" ORDER BY "schema_migrations"."version" ASC[0m
  ↳ /Users/goeunpark/.rvm/gems/ruby-2.5.1@TaskListRails/gems/activerecord-5.2.1/lib/active_record/log_subscriber.rb:98
Processing by TasksController#index as HTML
  Rendering tasks/index.html.erb within layouts/application
  [1m[36mTask Load (0.3ms)[0m  [1m[34mSELECT "tasks".* FROM "tasks"[0m
  ↳ app/views/tasks/index.html.erb:4
  Rendered tasks/index.html.erb within layouts/application (1.5ms)
Completed 200 OK in 21ms (Views: 19.6ms | ActiveRecord: 0.3ms)


  [1m[35m (0.5ms)[0m  [1m[34mSELECT "schema_migrations"."version" FROM "schema_migrations" ORDER BY "schema_migrations"."version" ASC[0m
  ↳ bin/rails:9
  [1m[35m (0.2ms)[0m  [1m[34mSELECT "schema_migrations"."version" FROM "schema_migrations" ORDER BY "schema_migrations"."version" ASC[0m
  ↳ bin/rails:9
  [1m[35m (0.2ms)[0m  [1m[34mSELECT "schema_migrations"."version" FROM "schema_migrations" ORDER BY "schema_migrations"."version" ASC[0m
  ↳ bin/rails:9
  [1m[35m (0.2ms)[0m  [1m[34mSELECT pg_try_advisory_lock(4169262226251541860)[0m
  ↳ bin/rails:9
  [1m[35m (0.2ms)[0m  [1m[34mSELECT "schema_migrations"."version" FROM "schema_migrations" ORDER BY "schema_migrations"."version" ASC[0m
  ↳ bin/rails:9
Migrating to AddCompletionDate (20180918183511)
  [1m[35m (0.2ms)[0m  [1m[35mBEGIN[0m
  ↳ bin/rails:9
  [1m[35m (0.8ms)[0m  [1m[35mALTER TABLE "tasks" DROP COLUMN "completed_date"[0m
  ↳ bin/rails:9
  [1m[36mActiveRecord::SchemaMigration Destroy (0.4ms)[0m  [1m[31mDELETE FROM "schema_migrations" WHERE "schema_migrations"."version" = $1[0m  [["version", "20180918183511"]]
  ↳ bin/rails:9
  [1m[35m (6.1ms)[0m  [1m[35mCOMMIT[0m
  ↳ bin/rails:9
  [1m[35m (0.3ms)[0m  [1m[34mSELECT pg_advisory_unlock(4169262226251541860)[0m
  ↳ bin/rails:9
  [1m[35m (0.2ms)[0m  [1m[34mSELECT "schema_migrations"."version" FROM "schema_migrations" ORDER BY "schema_migrations"."version" ASC[0m
  ↳ bin/rails:9
  [1m[35m (1.0ms)[0m  [1m[34mSELECT "schema_migrations"."version" FROM "schema_migrations" ORDER BY "schema_migrations"."version" ASC[0m
  ↳ bin/rails:9
  [1m[35m (0.1ms)[0m  [1m[34mSELECT pg_try_advisory_lock(4169262226251541860)[0m
  ↳ bin/rails:9
  [1m[35m (0.5ms)[0m  [1m[34mSELECT "schema_migrations"."version" FROM "schema_migrations" ORDER BY "schema_migrations"."version" ASC[0m
  ↳ bin/rails:9
Migrating to AddCompletionDate (20180918183511)
  [1m[35m (0.1ms)[0m  [1m[35mBEGIN[0m
  ↳ bin/rails:9
  [1m[35m (0.6ms)[0m  [1m[35mALTER TABLE "tasks" ADD "completed_date" date[0m
  ↳ db/migrate/20180918183511_add_completion_date.rb:4
  [1m[36mActiveRecord::SchemaMigration Create (0.4ms)[0m  [1m[32mINSERT INTO "schema_migrations" ("version") VALUES ($1) RETURNING "version"[0m  [["version", "20180918183511"]]
  ↳ bin/rails:9
  [1m[35m (6.4ms)[0m  [1m[35mCOMMIT[0m
  ↳ bin/rails:9
  [1m[36mActiveRecord::InternalMetadata Load (0.3ms)[0m  [1m[34mSELECT  "ar_internal_metadata".* FROM "ar_internal_metadata" WHERE "ar_internal_metadata"."key" = $1 LIMIT $2[0m  [["key", "environment"], ["LIMIT", 1]]
  ↳ bin/rails:9
  [1m[35m (0.1ms)[0m  [1m[35mBEGIN[0m
  ↳ bin/rails:9
  [1m[35m (0.1ms)[0m  [1m[35mCOMMIT[0m
  ↳ bin/rails:9
  [1m[35m (0.2ms)[0m  [1m[34mSELECT pg_advisory_unlock(4169262226251541860)[0m
  ↳ bin/rails:9
  [1m[35m (0.2ms)[0m  [1m[34mSELECT "schema_migrations"."version" FROM "schema_migrations" ORDER BY "schema_migrations"."version" ASC[0m
  ↳ bin/rails:9
Started GET "/tasks" for 127.0.0.1 at 2018-09-18 15:16:11 -0700
  [1m[35m (0.2ms)[0m  [1m[34mSELECT "schema_migrations"."version" FROM "schema_migrations" ORDER BY "schema_migrations"."version" ASC[0m
  ↳ /Users/goeunpark/.rvm/gems/ruby-2.5.1@TaskListRails/gems/activerecord-5.2.1/lib/active_record/log_subscriber.rb:98
Processing by TasksController#index as HTML
  Rendering tasks/index.html.erb within layouts/application
  [1m[36mTask Load (0.4ms)[0m  [1m[34mSELECT "tasks".* FROM "tasks"[0m
  ↳ app/views/tasks/index.html.erb:4
  Rendered tasks/index.html.erb within layouts/application (9.0ms)
Completed 200 OK in 29ms (Views: 22.1ms | ActiveRecord: 3.3ms)


Started GET "/tasks" for 127.0.0.1 at 2018-09-18 15:16:13 -0700
Processing by TasksController#index as HTML
  Rendering tasks/index.html.erb within layouts/application
  [1m[36mTask Load (0.3ms)[0m  [1m[34mSELECT "tasks".* FROM "tasks"[0m
  ↳ app/views/tasks/index.html.erb:4
  Rendered tasks/index.html.erb within layouts/application (1.6ms)
Completed 200 OK in 20ms (Views: 18.1ms | ActiveRecord: 0.3ms)


Started GET "/tasks" for 127.0.0.1 at 2018-09-18 15:16:54 -0700
Processing by TasksController#index as HTML
  Rendering tasks/index.html.erb within layouts/application
  [1m[36mTask Load (0.5ms)[0m  [1m[34mSELECT "tasks".* FROM "tasks"[0m
  ↳ app/views/tasks/index.html.erb:4
  Rendered tasks/index.html.erb within layouts/application (1.9ms)
Completed 200 OK in 22ms (Views: 19.6ms | ActiveRecord: 0.5ms)


Started GET "/tasks" for 127.0.0.1 at 2018-09-18 15:16:57 -0700
Processing by TasksController#index as HTML
  Rendering tasks/index.html.erb within layouts/application
  [1m[36mTask Load (0.3ms)[0m  [1m[34mSELECT "tasks".* FROM "tasks"[0m
  ↳ app/views/tasks/index.html.erb:4
  Rendered tasks/index.html.erb within layouts/application (1.9ms)
Completed 200 OK in 27ms (Views: 25.0ms | ActiveRecord: 0.3ms)


Started GET "/tasks" for 127.0.0.1 at 2018-09-18 15:17:52 -0700
Processing by TasksController#index as HTML
  Rendering tasks/index.html.erb within layouts/application
  [1m[36mTask Load (0.3ms)[0m  [1m[34mSELECT "tasks".* FROM "tasks"[0m
  ↳ app/views/tasks/index.html.erb:4
  Rendered tasks/index.html.erb within layouts/application (1.4ms)
Completed 200 OK in 17ms (Views: 15.1ms | ActiveRecord: 0.3ms)


Started GET "/tasks" for 127.0.0.1 at 2018-09-18 15:18:00 -0700
Processing by TasksController#index as HTML
  Rendering tasks/index.html.erb within layouts/application
  [1m[36mTask Load (0.4ms)[0m  [1m[34mSELECT "tasks".* FROM "tasks"[0m
  ↳ app/views/tasks/index.html.erb:4
  Rendered tasks/index.html.erb within layouts/application (2.0ms)
Completed 200 OK in 23ms (Views: 20.1ms | ActiveRecord: 0.4ms)


Started GET "/tasks" for 127.0.0.1 at 2018-09-18 15:19:11 -0700
Processing by TasksController#index as HTML
  Rendering tasks/index.html.erb within layouts/application
  [1m[36mTask Load (0.3ms)[0m  [1m[34mSELECT "tasks".* FROM "tasks"[0m
  ↳ app/views/tasks/index.html.erb:4
  Rendered tasks/index.html.erb within layouts/application (1.6ms)
Completed 200 OK in 19ms (Views: 16.6ms | ActiveRecord: 0.3ms)


  [1m[36mTask Load (0.5ms)[0m  [1m[34mSELECT "tasks".* FROM "tasks"[0m
  [1m[36mTask Load (0.2ms)[0m  [1m[34mSELECT  "tasks".* FROM "tasks" WHERE "tasks"."id" = $1 LIMIT $2[0m  [["id", 1], ["LIMIT", 1]]
  [1m[35m (0.3ms)[0m  [1m[35mBEGIN[0m
  [1m[36mTask Update (1.7ms)[0m  [1m[33mUPDATE "tasks" SET "updated_at" = $1, "completed_date" = $2 WHERE "tasks"."id" = $3[0m  [["updated_at", "2018-09-18 22:22:39.110049"], ["completed_date", "2018-10-09"], ["id", 1]]
  [1m[35m (0.4ms)[0m  [1m[35mCOMMIT[0m
  [1m[36mTask Load (0.5ms)[0m  [1m[34mSELECT "tasks".* FROM "tasks"[0m
  [1m[36mTask Load (0.5ms)[0m  [1m[34mSELECT  "tasks".* FROM "tasks" WHERE "tasks"."id" = $1 LIMIT $2[0m  [["id", 0], ["LIMIT", 1]]
  [1m[36mTask Load (0.5ms)[0m  [1m[34mSELECT  "tasks".* FROM "tasks" WHERE "tasks"."id" = $1 LIMIT $2[0m  [["id", 2], ["LIMIT", 1]]
  [1m[35m (0.3ms)[0m  [1m[35mBEGIN[0m
  [1m[36mTask Update (0.4ms)[0m  [1m[33mUPDATE "tasks" SET "updated_at" = $1, "completed_date" = $2 WHERE "tasks"."id" = $3[0m  [["updated_at", "2018-09-18 22:24:24.677516"], ["completed_date", "2018-04-03"], ["id", 2]]
  [1m[35m (1.2ms)[0m  [1m[35mCOMMIT[0m
  [1m[36mTask Load (0.5ms)[0m  [1m[34mSELECT "tasks".* FROM "tasks"[0m
Started GET "/tasks" for 127.0.0.1 at 2018-09-18 15:24:32 -0700
Processing by TasksController#index as HTML
  Rendering tasks/index.html.erb within layouts/application
  [1m[36mTask Load (0.5ms)[0m  [1m[34mSELECT "tasks".* FROM "tasks"[0m
  ↳ app/views/tasks/index.html.erb:4
  Rendered tasks/index.html.erb within layouts/application (1.5ms)
Completed 200 OK in 17ms (Views: 14.9ms | ActiveRecord: 0.5ms)


Started GET "/tasks" for 127.0.0.1 at 2018-09-18 15:24:55 -0700
Processing by TasksController#index as HTML
  Rendering tasks/index.html.erb within layouts/application
  [1m[36mTask Load (0.3ms)[0m  [1m[34mSELECT "tasks".* FROM "tasks"[0m
  ↳ app/views/tasks/index.html.erb:4
  Rendered tasks/index.html.erb within layouts/application (1.6ms)
Completed 200 OK in 19ms (Views: 17.5ms | ActiveRecord: 0.3ms)


Started GET "/tasks" for 127.0.0.1 at 2018-09-18 15:25:07 -0700
Processing by TasksController#index as HTML
  Rendering tasks/index.html.erb within layouts/application
  [1m[36mTask Load (0.3ms)[0m  [1m[34mSELECT "tasks".* FROM "tasks"[0m
  ↳ app/views/tasks/index.html.erb:4
  Rendered tasks/index.html.erb within layouts/application (1.5ms)
Completed 200 OK in 19ms (Views: 16.8ms | ActiveRecord: 0.3ms)


Started GET "/tasks" for 127.0.0.1 at 2018-09-18 15:27:26 -0700
Processing by TasksController#index as HTML
  Rendering tasks/index.html.erb within layouts/application
  [1m[36mTask Load (0.3ms)[0m  [1m[34mSELECT "tasks".* FROM "tasks"[0m
  ↳ app/views/tasks/index.html.erb:4
  Rendered tasks/index.html.erb within layouts/application (10.8ms)
Completed 200 OK in 41ms (Views: 32.6ms | ActiveRecord: 5.2ms)


Started GET "/tasks/1" for 127.0.0.1 at 2018-09-18 15:27:29 -0700
Processing by TasksController#show as HTML
  Parameters: {"id"=>"1"}
Completed 500 Internal Server Error in 6ms (ActiveRecord: 0.0ms)



NoMethodError - undefined method `id' for #<Class:0x00007f986d909d38>
Did you mean?  ids:
  app/controllers/tasks_controller.rb:8:in `show'

Started POST "/__better_errors/de4836fbeeccd0e4/variables" for 127.0.0.1 at 2018-09-18 15:27:30 -0700
Started GET "/tasks/1" for 127.0.0.1 at 2018-09-18 15:27:46 -0700
Processing by TasksController#show as HTML
  Parameters: {"id"=>"1"}
Completed 404 Not Found in 4ms (ActiveRecord: 1.8ms)



ActiveRecord::RecordNotFound - Couldn't find Task without an ID:
  app/controllers/tasks_controller.rb:8:in `show'

Started POST "/__better_errors/5a27751017bff5b9/variables" for 127.0.0.1 at 2018-09-18 15:27:47 -0700
Started GET "/tasks/1" for 127.0.0.1 at 2018-09-18 15:28:03 -0700
Processing by TasksController#show as HTML
  Parameters: {"id"=>"1"}
  Rendering tasks/show.html.erb within layouts/application
  Rendered tasks/show.html.erb within layouts/application (0.5ms)
Completed 200 OK in 22ms (Views: 19.0ms | ActiveRecord: 0.0ms)


Started GET "/tasks/1" for 127.0.0.1 at 2018-09-18 15:28:23 -0700
Processing by TasksController#show as HTML
  Parameters: {"id"=>"1"}
  Rendering tasks/show.html.erb within layouts/application
  [1m[36mTask Load (0.4ms)[0m  [1m[34mSELECT  "tasks".* FROM "tasks" LIMIT $1[0m  [["LIMIT", 11]]
  ↳ /Users/goeunpark/.rvm/rubies/ruby-2.5.1/lib/ruby/gems/2.5.0/gems/did_you_mean-1.2.0/lib/did_you_mean/core_ext/name_error.rb:8
  Rendered tasks/show.html.erb within layouts/application (17.2ms)
Completed 500 Internal Server Error in 24ms (ActiveRecord: 4.8ms)


  [1m[36mCACHE Task Load (0.0ms)[0m  [1m[34mSELECT  "tasks".* FROM "tasks" LIMIT $1[0m  [["LIMIT", 11]]
  ↳ /Users/goeunpark/.rvm/rubies/ruby-2.5.1/lib/ruby/gems/2.5.0/gems/did_you_mean-1.2.0/lib/did_you_mean/core_ext/name_error.rb:8

NoMethodError - undefined method `action' for #<Task::ActiveRecord_Relation:0x00007f986b9dbb00>:
  app/views/tasks/show.html.erb:4:in `_app_views_tasks_show_html_erb___2676002520712923456_70146302646960'

Started POST "/__better_errors/1839516ff1e008f2/variables" for 127.0.0.1 at 2018-09-18 15:28:23 -0700
  [1m[36mTask Load (0.4ms)[0m  [1m[34mSELECT  "tasks".* FROM "tasks" LIMIT $1[0m  [["LIMIT", 11]]
  ↳ /Users/goeunpark/.rvm/rubies/ruby-2.5.1/lib/ruby/gems/2.5.0/gems/did_you_mean-1.2.0/lib/did_you_mean/core_ext/name_error.rb:8
  [1m[36mCACHE Task Load (0.0ms)[0m  [1m[34mSELECT  "tasks".* FROM "tasks" LIMIT $1[0m  [["LIMIT", 11]]
  ↳ /Users/goeunpark/.rvm/rubies/ruby-2.5.1/lib/ruby/gems/2.5.0/gems/did_you_mean-1.2.0/lib/did_you_mean/core_ext/name_error.rb:8
  [1m[36mCACHE Task Load (0.0ms)[0m  [1m[34mSELECT  "tasks".* FROM "tasks" LIMIT $1[0m  [["LIMIT", 11]]
  ↳ /Users/goeunpark/.rvm/gems/ruby-2.5.1@TaskListRails/gems/activerecord-5.2.1/lib/active_record/log_subscriber.rb:98
  [1m[36mCACHE Task Load (0.0ms)[0m  [1m[34mSELECT  "tasks".* FROM "tasks" LIMIT $1[0m  [["LIMIT", 11]]
  ↳ /Users/goeunpark/.rvm/gems/ruby-2.5.1@TaskListRails/gems/activerecord-5.2.1/lib/active_record/log_subscriber.rb:98
  [1m[36mCACHE Task Load (0.0ms)[0m  [1m[34mSELECT  "tasks".* FROM "tasks" LIMIT $1[0m  [["LIMIT", 11]]
  ↳ /Users/goeunpark/.rvm/gems/ruby-2.5.1@TaskListRails/gems/activerecord-5.2.1/lib/active_record/log_subscriber.rb:98
  [1m[36mCACHE Task Load (0.0ms)[0m  [1m[34mSELECT  "tasks".* FROM "tasks" LIMIT $1[0m  [["LIMIT", 11]]
  ↳ /Users/goeunpark/.rvm/rubies/ruby-2.5.1/lib/ruby/gems/2.5.0/gems/did_you_mean-1.2.0/lib/did_you_mean/core_ext/name_error.rb:8
  [1m[36mCACHE Task Load (0.0ms)[0m  [1m[34mSELECT  "tasks".* FROM "tasks" LIMIT $1[0m  [["LIMIT", 11]]
  ↳ /Users/goeunpark/.rvm/rubies/ruby-2.5.1/lib/ruby/gems/2.5.0/gems/did_you_mean-1.2.0/lib/did_you_mean/core_ext/name_error.rb:8
  [1m[36mCACHE Task Load (0.0ms)[0m  [1m[34mSELECT  "tasks".* FROM "tasks" LIMIT $1[0m  [["LIMIT", 11]]
  ↳ /Users/goeunpark/.rvm/rubies/ruby-2.5.1/lib/ruby/gems/2.5.0/gems/did_you_mean-1.2.0/lib/did_you_mean/core_ext/name_error.rb:8
  [1m[36mCACHE Task Load (0.0ms)[0m  [1m[34mSELECT  "tasks".* FROM "tasks" LIMIT $1[0m  [["LIMIT", 11]]
  ↳ /Users/goeunpark/.rvm/rubies/ruby-2.5.1/lib/ruby/gems/2.5.0/gems/did_you_mean-1.2.0/lib/did_you_mean/core_ext/name_error.rb:8
  [1m[36mCACHE Task Load (0.0ms)[0m  [1m[34mSELECT  "tasks".* FROM "tasks" LIMIT $1[0m  [["LIMIT", 11]]
  ↳ /Users/goeunpark/.rvm/gems/ruby-2.5.1@TaskListRails/gems/activerecord-5.2.1/lib/active_record/log_subscriber.rb:98
  [1m[36mCACHE Task Load (0.0ms)[0m  [1m[34mSELECT  "tasks".* FROM "tasks" LIMIT $1[0m  [["LIMIT", 11]]
  ↳ /Users/goeunpark/.rvm/rubies/ruby-2.5.1/lib/ruby/gems/2.5.0/gems/did_you_mean-1.2.0/lib/did_you_mean/core_ext/name_error.rb:8
  [1m[36mCACHE Task Load (0.0ms)[0m  [1m[34mSELECT  "tasks".* FROM "tasks" LIMIT $1[0m  [["LIMIT", 11]]
  ↳ /Users/goeunpark/.rvm/rubies/ruby-2.5.1/lib/ruby/gems/2.5.0/gems/did_you_mean-1.2.0/lib/did_you_mean/core_ext/name_error.rb:8
  [1m[36mCACHE Task Load (0.0ms)[0m  [1m[34mSELECT  "tasks".* FROM "tasks" LIMIT $1[0m  [["LIMIT", 11]]
  ↳ /Users/goeunpark/.rvm/gems/ruby-2.5.1@TaskListRails/gems/activerecord-5.2.1/lib/active_record/log_subscriber.rb:98
Started GET "/tasks/1" for 127.0.0.1 at 2018-09-18 15:28:45 -0700
Processing by TasksController#show as HTML
  Parameters: {"id"=>"1"}
  Rendering tasks/show.html.erb within layouts/application
  Rendered tasks/show.html.erb within layouts/application (0.5ms)
Completed 200 OK in 25ms (Views: 23.2ms | ActiveRecord: 0.0ms)


Started GET "/tasks/1" for 127.0.0.1 at 2018-09-18 15:29:09 -0700
Processing by TasksController#show as HTML
  Parameters: {"id"=>"1"}
  Rendering tasks/show.html.erb within layouts/application
  Rendered tasks/show.html.erb within layouts/application (0.4ms)
Completed 200 OK in 23ms (Views: 21.9ms | ActiveRecord: 0.0ms)


Started GET "/tasks/1" for 127.0.0.1 at 2018-09-18 15:29:35 -0700
Processing by TasksController#show as HTML
  Parameters: {"id"=>"1"}
Completed 500 Internal Server Error in 2ms (ActiveRecord: 0.0ms)



NoMethodError - undefined method `find' for nil:NilClass:
  app/controllers/tasks_controller.rb:8:in `show'

Started POST "/__better_errors/0c37f45eb5c9fb45/variables" for 127.0.0.1 at 2018-09-18 15:29:35 -0700
Started GET "/tasks/1" for 127.0.0.1 at 2018-09-18 15:30:05 -0700
Processing by TasksController#show as HTML
  Parameters: {"id"=>"1"}
  [1m[36mTask Load (0.5ms)[0m  [1m[34mSELECT  "tasks".* FROM "tasks" WHERE "tasks"."id" = $1 LIMIT $2[0m  [["id", 1], ["LIMIT", 1]]
  ↳ app/controllers/tasks_controller.rb:9
  Rendering tasks/show.html.erb within layouts/application
  Rendered tasks/show.html.erb within layouts/application (0.3ms)
Completed 200 OK in 48ms (Views: 33.9ms | ActiveRecord: 3.1ms)


Started GET "/tasks/1" for 127.0.0.1 at 2018-09-18 15:30:28 -0700
Processing by TasksController#show as HTML
  Parameters: {"id"=>"1"}
  [1m[36mTask Load (0.4ms)[0m  [1m[34mSELECT  "tasks".* FROM "tasks" WHERE "tasks"."id" = $1 LIMIT $2[0m  [["id", 1], ["LIMIT", 1]]
  ↳ app/controllers/tasks_controller.rb:10
  Rendering tasks/show.html.erb within layouts/application
  Rendered tasks/show.html.erb within layouts/application (0.5ms)
Completed 200 OK in 46ms (Views: 28.4ms | ActiveRecord: 5.2ms)


Started GET "/tasks/1" for 127.0.0.1 at 2018-09-18 15:30:42 -0700
Processing by TasksController#show as HTML
  Parameters: {"id"=>"1"}
  [1m[36mTask Load (0.3ms)[0m  [1m[34mSELECT  "tasks".* FROM "tasks" WHERE "tasks"."id" = $1 LIMIT $2[0m  [["id", 1], ["LIMIT", 1]]
  ↳ app/controllers/tasks_controller.rb:9
  Rendering tasks/show.html.erb within layouts/application
  Rendered tasks/show.html.erb within layouts/application (0.5ms)
Completed 200 OK in 27ms (Views: 16.3ms | ActiveRecord: 3.0ms)


Started GET "/tasks/1" for 127.0.0.1 at 2018-09-18 15:30:59 -0700
Processing by TasksController#show as HTML
  Parameters: {"id"=>"1"}
  Rendering tasks/show.html.erb within layouts/application
  Rendered tasks/show.html.erb within layouts/application (0.5ms)
Completed 200 OK in 29ms (Views: 26.4ms | ActiveRecord: 0.0ms)


Started GET "/tasks/1" for 127.0.0.1 at 2018-09-18 15:31:31 -0700
Processing by TasksController#show as HTML
  Parameters: {"id"=>"1"}
Completed 500 Internal Server Error in 2ms (ActiveRecord: 0.0ms)



NoMethodError - undefined method `find_by' for nil:NilClass:
  app/controllers/tasks_controller.rb:8:in `show'

Started POST "/__better_errors/c76ef44f3682adb6/variables" for 127.0.0.1 at 2018-09-18 15:31:32 -0700
Started GET "/tasks/1" for 127.0.0.1 at 2018-09-18 15:31:48 -0700
Processing by TasksController#show as HTML
  Parameters: {"id"=>"1"}
  [1m[36mTask Load (0.3ms)[0m  [1m[34mSELECT  "tasks".* FROM "tasks" WHERE "tasks"."id" = $1 LIMIT $2[0m  [["id", 1], ["LIMIT", 1]]
  ↳ app/controllers/tasks_controller.rb:8
  Rendering tasks/show.html.erb within layouts/application
  Rendered tasks/show.html.erb within layouts/application (0.8ms)
Completed 200 OK in 35ms (Views: 22.1ms | ActiveRecord: 4.0ms)


Started GET "/tasks/1" for 127.0.0.1 at 2018-09-18 15:31:59 -0700
Processing by TasksController#show as HTML
  Parameters: {"id"=>"1"}
  [1m[36mTask Load (0.5ms)[0m  [1m[34mSELECT  "tasks".* FROM "tasks" WHERE "tasks"."id" = $1 LIMIT $2[0m  [["id", 1], ["LIMIT", 1]]
  ↳ app/controllers/tasks_controller.rb:8
  Rendering tasks/show.html.erb within layouts/application
  Rendered tasks/show.html.erb within layouts/application (0.5ms)
Completed 200 OK in 29ms (Views: 25.1ms | ActiveRecord: 0.5ms)


Started GET "/tasks/1" for 127.0.0.1 at 2018-09-18 15:32:24 -0700
Processing by TasksController#show as HTML
  Parameters: {"id"=>"1"}
Completed 500 Internal Server Error in 2ms (ActiveRecord: 0.0ms)



NoMethodError - undefined method `find' for nil:NilClass:
  app/controllers/tasks_controller.rb:8:in `show'

Started POST "/__better_errors/f94a43931a29e51d/variables" for 127.0.0.1 at 2018-09-18 15:32:25 -0700
Started GET "/tasks/1" for 127.0.0.1 at 2018-09-18 15:32:36 -0700
Processing by TasksController#show as HTML
  Parameters: {"id"=>"1"}
Completed 500 Internal Server Error in 2ms (ActiveRecord: 0.0ms)



NoMethodError - undefined method `find_by' for nil:NilClass:
  app/controllers/tasks_controller.rb:8:in `show'

Started POST "/__better_errors/c2551a5a47b9a28f/variables" for 127.0.0.1 at 2018-09-18 15:32:36 -0700
Started GET "/tasks/1" for 127.0.0.1 at 2018-09-18 15:32:42 -0700
Processing by TasksController#show as HTML
  Parameters: {"id"=>"1"}
  [1m[36mTask Load (0.4ms)[0m  [1m[34mSELECT  "tasks".* FROM "tasks" WHERE "tasks"."id" = $1 LIMIT $2[0m  [["id", 1], ["LIMIT", 1]]
  ↳ app/controllers/tasks_controller.rb:8
  Rendering tasks/show.html.erb within layouts/application
  Rendered tasks/show.html.erb within layouts/application (0.4ms)
Completed 200 OK in 68ms (Views: 42.4ms | ActiveRecord: 5.4ms)


Started GET "/tasks/1" for 127.0.0.1 at 2018-09-18 15:35:41 -0700
Processing by TasksController#show as HTML
  Parameters: {"id"=>"1"}
  [1m[36mTask Load (0.3ms)[0m  [1m[34mSELECT  "tasks".* FROM "tasks" WHERE "tasks"."id" = $1 LIMIT $2[0m  [["id", 1], ["LIMIT", 1]]
  ↳ app/controllers/tasks_controller.rb:8
  Rendering tasks/show.html.erb within layouts/application
  Rendered tasks/show.html.erb within layouts/application (0.4ms)
Completed 200 OK in 25ms (Views: 22.6ms | ActiveRecord: 0.3ms)


Started GET "/tasks/1" for 127.0.0.1 at 2018-09-18 15:36:00 -0700
Processing by TasksController#show as HTML
  Parameters: {"id"=>"1"}
  [1m[36mTask Load (0.3ms)[0m  [1m[34mSELECT  "tasks".* FROM "tasks" WHERE "tasks"."id" = $1 LIMIT $2[0m  [["id", 1], ["LIMIT", 1]]
  ↳ app/controllers/tasks_controller.rb:8
  Rendering tasks/show.html.erb within layouts/application
  Rendered tasks/show.html.erb within layouts/application (0.4ms)
Completed 200 OK in 30ms (Views: 26.2ms | ActiveRecord: 0.3ms)


Started GET "/tasks/1" for 127.0.0.1 at 2018-09-18 15:36:05 -0700
Processing by TasksController#show as HTML
  Parameters: {"id"=>"1"}
  [1m[36mTask Load (0.3ms)[0m  [1m[34mSELECT  "tasks".* FROM "tasks" WHERE "tasks"."id" = $1 LIMIT $2[0m  [["id", 1], ["LIMIT", 1]]
  ↳ app/controllers/tasks_controller.rb:8
  Rendering tasks/show.html.erb within layouts/application
  Rendered tasks/show.html.erb within layouts/application (0.4ms)
Completed 200 OK in 27ms (Views: 25.0ms | ActiveRecord: 0.3ms)


Started GET "/tasks/1" for 127.0.0.1 at 2018-09-18 15:36:13 -0700
Processing by TasksController#show as HTML
  Parameters: {"id"=>"1"}
  [1m[36mTask Load (0.3ms)[0m  [1m[34mSELECT  "tasks".* FROM "tasks" WHERE "tasks"."id" = $1 LIMIT $2[0m  [["id", 1], ["LIMIT", 1]]
  ↳ app/controllers/tasks_controller.rb:8
  Rendering tasks/show.html.erb within layouts/application
  Rendered tasks/show.html.erb within layouts/application (0.4ms)
Completed 200 OK in 30ms (Views: 27.4ms | ActiveRecord: 0.3ms)


Started GET "/tasks/1" for 127.0.0.1 at 2018-09-18 15:36:26 -0700
Processing by TasksController#show as HTML
  Parameters: {"id"=>"1"}
  [1m[36mTask Load (0.3ms)[0m  [1m[34mSELECT  "tasks".* FROM "tasks" WHERE "tasks"."id" = $1 LIMIT $2[0m  [["id", 1], ["LIMIT", 1]]
  ↳ app/controllers/tasks_controller.rb:8
  Rendering tasks/show.html.erb within layouts/application
  Rendered tasks/show.html.erb within layouts/application (0.4ms)
Completed 200 OK in 33ms (Views: 29.8ms | ActiveRecord: 0.3ms)


Started GET "/tasks" for 127.0.0.1 at 2018-09-18 15:36:32 -0700
Processing by TasksController#index as HTML
  Rendering tasks/index.html.erb within layouts/application
  [1m[36mTask Load (0.3ms)[0m  [1m[34mSELECT "tasks".* FROM "tasks"[0m
  ↳ app/views/tasks/index.html.erb:4
  Rendered tasks/index.html.erb within layouts/application (1.9ms)
Completed 200 OK in 39ms (Views: 37.0ms | ActiveRecord: 0.3ms)


Started GET "/tasks" for 127.0.0.1 at 2018-09-18 15:38:07 -0700
Processing by TasksController#index as HTML
  Rendering tasks/index.html.erb within layouts/application
  [1m[36mTask Load (0.2ms)[0m  [1m[34mSELECT "tasks".* FROM "tasks"[0m
  ↳ app/views/tasks/index.html.erb:4
  Rendered tasks/index.html.erb within layouts/application (1.4ms)
Completed 200 OK in 22ms (Views: 20.1ms | ActiveRecord: 0.2ms)


Started GET "/tasks" for 127.0.0.1 at 2018-09-18 15:38:23 -0700
Processing by TasksController#index as HTML
  Rendering tasks/index.html.erb within layouts/application
  [1m[36mTask Load (0.3ms)[0m  [1m[34mSELECT "tasks".* FROM "tasks"[0m
  ↳ app/views/tasks/index.html.erb:4
  Rendered tasks/index.html.erb within layouts/application (1.4ms)
Completed 200 OK in 24ms (Views: 22.8ms | ActiveRecord: 0.3ms)


Started GET "/tasks" for 127.0.0.1 at 2018-09-18 15:39:39 -0700
Processing by TasksController#index as HTML
  Rendering tasks/index.html.erb within layouts/application
  [1m[36mTask Load (0.2ms)[0m  [1m[34mSELECT "tasks".* FROM "tasks"[0m
  ↳ app/views/tasks/index.html.erb:5
  Rendered tasks/index.html.erb within layouts/application (1.2ms)
Completed 200 OK in 16ms (Views: 14.8ms | ActiveRecord: 0.2ms)


Started GET "/tasks" for 127.0.0.1 at 2018-09-18 15:40:53 -0700
Processing by TasksController#index as HTML
  Rendering tasks/index.html.erb within layouts/application
  [1m[36mTask Load (0.3ms)[0m  [1m[34mSELECT "tasks".* FROM "tasks"[0m
  ↳ app/views/tasks/index.html.erb:5
  Rendered tasks/index.html.erb within layouts/application (1.4ms)
Completed 200 OK in 23ms (Views: 21.1ms | ActiveRecord: 0.3ms)


Started GET "/tasks" for 127.0.0.1 at 2018-09-18 15:41:03 -0700
Processing by TasksController#index as HTML
  Rendering tasks/index.html.erb within layouts/application
  [1m[36mTask Load (0.3ms)[0m  [1m[34mSELECT "tasks".* FROM "tasks"[0m
  ↳ app/views/tasks/index.html.erb:5
  Rendered tasks/index.html.erb within layouts/application (1.5ms)
Completed 200 OK in 26ms (Views: 23.8ms | ActiveRecord: 0.3ms)


Started GET "/tasks" for 127.0.0.1 at 2018-09-18 15:41:10 -0700
Processing by TasksController#index as HTML
  Rendering tasks/index.html.erb within layouts/application
  [1m[36mTask Load (0.3ms)[0m  [1m[34mSELECT "tasks".* FROM "tasks"[0m
  ↳ app/views/tasks/index.html.erb:5
  Rendered tasks/index.html.erb within layouts/application (1.5ms)
Completed 200 OK in 25ms (Views: 23.3ms | ActiveRecord: 0.3ms)


Started GET "/tasks/1" for 127.0.0.1 at 2018-09-18 15:41:44 -0700
Processing by TasksController#show as HTML
  Parameters: {"id"=>"1"}
  [1m[36mTask Load (0.4ms)[0m  [1m[34mSELECT  "tasks".* FROM "tasks" WHERE "tasks"."id" = $1 LIMIT $2[0m  [["id", 1], ["LIMIT", 1]]
  ↳ app/controllers/tasks_controller.rb:8
  Rendering tasks/show.html.erb within layouts/application
  Rendered tasks/show.html.erb within layouts/application (0.5ms)
Completed 200 OK in 34ms (Views: 25.8ms | ActiveRecord: 0.4ms)


Started GET "/tasks/1" for 127.0.0.1 at 2018-09-18 15:42:14 -0700
Processing by TasksController#show as HTML
  Parameters: {"id"=>"1"}
  [1m[36mTask Load (0.3ms)[0m  [1m[34mSELECT  "tasks".* FROM "tasks" WHERE "tasks"."id" = $1 LIMIT $2[0m  [["id", 1], ["LIMIT", 1]]
  ↳ app/controllers/tasks_controller.rb:8
  Rendering tasks/show.html.erb within layouts/application
  Rendered tasks/show.html.erb within layouts/application (0.5ms)
Completed 200 OK in 22ms (Views: 19.1ms | ActiveRecord: 0.3ms)


Started GET "/tasks/1" for 127.0.0.1 at 2018-09-18 15:43:47 -0700
Processing by TasksController#show as HTML
  Parameters: {"id"=>"1"}
  [1m[36mTask Load (0.4ms)[0m  [1m[34mSELECT  "tasks".* FROM "tasks" WHERE "tasks"."id" = $1 LIMIT $2[0m  [["id", 1], ["LIMIT", 1]]
  ↳ app/controllers/tasks_controller.rb:8
  Rendering tasks/show.html.erb within layouts/application
  Rendered tasks/show.html.erb within layouts/application (0.5ms)
Completed 200 OK in 42ms (Views: 37.9ms | ActiveRecord: 0.4ms)


Started GET "/tasks/1" for 127.0.0.1 at 2018-09-18 15:48:33 -0700
Processing by TasksController#show as HTML
  Parameters: {"id"=>"1"}
  [1m[36mTask Load (0.5ms)[0m  [1m[34mSELECT  "tasks".* FROM "tasks" WHERE "tasks"."id" = $1 LIMIT $2[0m  [["id", 1], ["LIMIT", 1]]
  ↳ app/controllers/tasks_controller.rb:8
  Rendering tasks/show.html.erb within layouts/application
  Rendered tasks/show.html.erb within layouts/application (0.4ms)
Completed 200 OK in 20ms (Views: 17.5ms | ActiveRecord: 0.5ms)


Started GET "/tasks/2" for 127.0.0.1 at 2018-09-18 16:01:28 -0700
Processing by TasksController#show as HTML
  Parameters: {"id"=>"2"}
  [1m[36mTask Load (1.1ms)[0m  [1m[34mSELECT  "tasks".* FROM "tasks" WHERE "tasks"."id" = $1 LIMIT $2[0m  [["id", 2], ["LIMIT", 1]]
  ↳ app/controllers/tasks_controller.rb:8
  Rendering tasks/show.html.erb within layouts/application
  Rendered tasks/show.html.erb within layouts/application (0.8ms)
Completed 200 OK in 28ms (Views: 23.1ms | ActiveRecord: 1.1ms)


Started GET "/tasks" for 127.0.0.1 at 2018-09-18 16:01:33 -0700
Processing by TasksController#index as HTML
  Rendering tasks/index.html.erb within layouts/application
  [1m[36mTask Load (0.5ms)[0m  [1m[34mSELECT "tasks".* FROM "tasks"[0m
  ↳ app/views/tasks/index.html.erb:6
  Rendered tasks/index.html.erb within layouts/application (1.7ms)
Completed 200 OK in 25ms (Views: 22.8ms | ActiveRecord: 0.5ms)


Started GET "/tasks" for 127.0.0.1 at 2018-09-19 09:14:59 -0700
Processing by TasksController#index as HTML
  Rendering tasks/index.html.erb within layouts/application
  [1m[36mTask Load (12.8ms)[0m  [1m[34mSELECT "tasks".* FROM "tasks"[0m
  ↳ app/views/tasks/index.html.erb:6
  Rendered tasks/index.html.erb within layouts/application (35.4ms)
Completed 200 OK in 142ms (Views: 114.6ms | ActiveRecord: 12.8ms)


Started GET "/tasks" for 127.0.0.1 at 2018-09-19 15:13:00 -0700
Processing by TasksController#index as HTML
  Rendering tasks/index.html.erb within layouts/application
  [1m[36mTask Load (0.8ms)[0m  [1m[34mSELECT "tasks".* FROM "tasks"[0m
  ↳ app/views/tasks/index.html.erb:6
  Rendered tasks/index.html.erb within layouts/application (54.1ms)
Completed 200 OK in 97ms (Views: 51.9ms | ActiveRecord: 39.4ms)


Started GET "/tasks" for 127.0.0.1 at 2018-09-19 15:16:12 -0700
Processing by TasksController#index as HTML
  Rendering tasks/index.html.erb within layouts/application
  [1m[36mTask Load (0.6ms)[0m  [1m[34mSELECT "tasks".* FROM "tasks"[0m
  ↳ app/views/tasks/index.html.erb:6
  Rendered tasks/index.html.erb within layouts/application (1.9ms)
Completed 200 OK in 33ms (Views: 31.4ms | ActiveRecord: 0.6ms)


Started GET "/tasks" for 127.0.0.1 at 2018-09-19 15:16:33 -0700
Processing by TasksController#index as HTML
  Rendering tasks/index.html.erb within layouts/application
  [1m[36mTask Load (0.4ms)[0m  [1m[34mSELECT "tasks".* FROM "tasks"[0m
  ↳ app/views/tasks/index.html.erb:6
  Rendered tasks/index.html.erb within layouts/application (1.9ms)
Completed 200 OK in 42ms (Views: 38.8ms | ActiveRecord: 0.4ms)


Started GET "/tasks" for 127.0.0.1 at 2018-09-19 15:16:47 -0700
Processing by TasksController#index as HTML
  Rendering tasks/index.html.erb within layouts/application
  [1m[36mTask Load (0.5ms)[0m  [1m[34mSELECT "tasks".* FROM "tasks"[0m
  ↳ app/views/tasks/index.html.erb:6
  Rendered tasks/index.html.erb within layouts/application (1.9ms)
Completed 200 OK in 42ms (Views: 40.0ms | ActiveRecord: 0.5ms)


Started GET "/tasks" for 127.0.0.1 at 2018-09-19 15:17:06 -0700
Processing by TasksController#index as HTML
  Rendering tasks/index.html.erb within layouts/application
  [1m[36mTask Load (0.4ms)[0m  [1m[34mSELECT "tasks".* FROM "tasks"[0m
  ↳ app/views/tasks/index.html.erb:6
  Rendered tasks/index.html.erb within layouts/application (1.6ms)
Completed 200 OK in 36ms (Views: 33.5ms | ActiveRecord: 0.4ms)


Started GET "/tasks" for 127.0.0.1 at 2018-09-19 15:17:19 -0700
Processing by TasksController#index as HTML
  Rendering tasks/index.html.erb within layouts/application
  [1m[36mTask Load (0.3ms)[0m  [1m[34mSELECT "tasks".* FROM "tasks"[0m
  ↳ app/views/tasks/index.html.erb:6
  Rendered tasks/index.html.erb within layouts/application (2.0ms)
Completed 200 OK in 36ms (Views: 33.8ms | ActiveRecord: 0.3ms)


Started GET "/tasks" for 127.0.0.1 at 2018-09-19 15:17:21 -0700
Processing by TasksController#index as HTML
  Rendering tasks/index.html.erb within layouts/application
  [1m[36mTask Load (0.3ms)[0m  [1m[34mSELECT "tasks".* FROM "tasks"[0m
  ↳ app/views/tasks/index.html.erb:6
  Rendered tasks/index.html.erb within layouts/application (1.4ms)
Completed 200 OK in 26ms (Views: 23.9ms | ActiveRecord: 0.3ms)


Started GET "/tasks" for 127.0.0.1 at 2018-09-19 15:17:29 -0700
Processing by TasksController#index as HTML
  Rendering tasks/index.html.erb within layouts/application
  [1m[36mTask Load (0.3ms)[0m  [1m[34mSELECT "tasks".* FROM "tasks"[0m
  ↳ app/views/tasks/index.html.erb:6
  Rendered tasks/index.html.erb within layouts/application (1.3ms)
Completed 200 OK in 20ms (Views: 18.2ms | ActiveRecord: 0.3ms)


Started GET "/tasks" for 127.0.0.1 at 2018-09-19 15:17:35 -0700
Processing by TasksController#index as HTML
  Rendering tasks/index.html.erb within layouts/application
  [1m[36mTask Load (0.3ms)[0m  [1m[34mSELECT "tasks".* FROM "tasks"[0m
  ↳ app/views/tasks/index.html.erb:6
  Rendered tasks/index.html.erb within layouts/application (1.6ms)
Completed 200 OK in 29ms (Views: 27.5ms | ActiveRecord: 0.3ms)


Started GET "/tasks" for 127.0.0.1 at 2018-09-19 15:17:40 -0700
Processing by TasksController#index as HTML
  Rendering tasks/index.html.erb within layouts/application
  [1m[36mTask Load (0.3ms)[0m  [1m[34mSELECT "tasks".* FROM "tasks"[0m
  ↳ app/views/tasks/index.html.erb:6
  Rendered tasks/index.html.erb within layouts/application (1.6ms)
Completed 200 OK in 24ms (Views: 22.5ms | ActiveRecord: 0.3ms)


Started GET "/tasks" for 127.0.0.1 at 2018-09-19 15:17:53 -0700
Processing by TasksController#index as HTML
  Rendering tasks/index.html.erb within layouts/application
  [1m[36mTask Load (0.3ms)[0m  [1m[34mSELECT "tasks".* FROM "tasks"[0m
  ↳ app/views/tasks/index.html.erb:6
  Rendered tasks/index.html.erb within layouts/application (1.8ms)
Completed 200 OK in 30ms (Views: 28.6ms | ActiveRecord: 0.3ms)


Started GET "/tasks" for 127.0.0.1 at 2018-09-19 15:18:25 -0700
Processing by TasksController#index as HTML
  Rendering tasks/index.html.erb within layouts/application
  [1m[36mTask Load (0.3ms)[0m  [1m[34mSELECT "tasks".* FROM "tasks"[0m
  ↳ app/views/tasks/index.html.erb:7
  Rendered tasks/index.html.erb within layouts/application (1.4ms)
Completed 200 OK in 33ms (Views: 31.2ms | ActiveRecord: 0.3ms)


Started GET "/tasks" for 127.0.0.1 at 2018-09-19 15:18:36 -0700
Processing by TasksController#index as HTML
  Rendering tasks/index.html.erb within layouts/application
  [1m[36mTask Load (0.2ms)[0m  [1m[34mSELECT "tasks".* FROM "tasks"[0m
  ↳ app/views/tasks/index.html.erb:7
  Rendered tasks/index.html.erb within layouts/application (1.2ms)
Completed 200 OK in 33ms (Views: 31.6ms | ActiveRecord: 0.2ms)


Started GET "/tasks" for 127.0.0.1 at 2018-09-19 15:18:48 -0700
Processing by TasksController#index as HTML
  Rendering tasks/index.html.erb within layouts/application
  [1m[36mTask Load (0.4ms)[0m  [1m[34mSELECT "tasks".* FROM "tasks"[0m
  ↳ app/views/tasks/index.html.erb:7
  Rendered tasks/index.html.erb within layouts/application (2.2ms)
Completed 200 OK in 35ms (Views: 33.2ms | ActiveRecord: 0.4ms)


Started GET "/tasks" for 127.0.0.1 at 2018-09-19 15:19:05 -0700
Processing by TasksController#index as HTML
  Rendering tasks/index.html.erb within layouts/application
  [1m[36mTask Load (0.3ms)[0m  [1m[34mSELECT "tasks".* FROM "tasks"[0m
  ↳ app/views/tasks/index.html.erb:7
  Rendered tasks/index.html.erb within layouts/application (1.6ms)
Completed 200 OK in 31ms (Views: 29.5ms | ActiveRecord: 0.3ms)


Started GET "/tasks" for 127.0.0.1 at 2018-09-19 15:19:22 -0700
Processing by TasksController#index as HTML
  Rendering tasks/index.html.erb within layouts/application
  [1m[36mTask Load (0.3ms)[0m  [1m[34mSELECT "tasks".* FROM "tasks"[0m
  ↳ app/views/tasks/index.html.erb:7
  Rendered tasks/index.html.erb within layouts/application (1.4ms)
Completed 200 OK in 27ms (Views: 25.1ms | ActiveRecord: 0.3ms)


Started GET "/tasks" for 127.0.0.1 at 2018-09-19 15:19:24 -0700
Processing by TasksController#index as HTML
  Rendering tasks/index.html.erb within layouts/application
  [1m[36mTask Load (0.4ms)[0m  [1m[34mSELECT "tasks".* FROM "tasks"[0m
  ↳ app/views/tasks/index.html.erb:7
  Rendered tasks/index.html.erb within layouts/application (2.1ms)
Completed 200 OK in 22ms (Views: 20.0ms | ActiveRecord: 0.4ms)


Started GET "/tasks" for 127.0.0.1 at 2018-09-19 15:19:34 -0700
Processing by TasksController#index as HTML
  Rendering tasks/index.html.erb within layouts/application
  [1m[36mTask Load (0.3ms)[0m  [1m[34mSELECT "tasks".* FROM "tasks"[0m
  ↳ app/views/tasks/index.html.erb:7
  Rendered tasks/index.html.erb within layouts/application (1.6ms)
Completed 200 OK in 38ms (Views: 35.9ms | ActiveRecord: 0.3ms)


Started GET "/tasks" for 127.0.0.1 at 2018-09-19 15:20:04 -0700
Processing by TasksController#index as HTML
  Rendering tasks/index.html.erb within layouts/application
  [1m[36mTask Load (0.3ms)[0m  [1m[34mSELECT "tasks".* FROM "tasks"[0m
  ↳ app/views/tasks/index.html.erb:7
  Rendered tasks/index.html.erb within layouts/application (1.2ms)
Completed 200 OK in 28ms (Views: 26.6ms | ActiveRecord: 0.3ms)


Started GET "/tasks" for 127.0.0.1 at 2018-09-19 15:20:27 -0700
Processing by TasksController#index as HTML
  Rendering tasks/index.html.erb within layouts/application
  [1m[36mTask Load (0.3ms)[0m  [1m[34mSELECT "tasks".* FROM "tasks"[0m
  ↳ app/views/tasks/index.html.erb:7
  Rendered tasks/index.html.erb within layouts/application (1.5ms)
Completed 200 OK in 26ms (Views: 24.5ms | ActiveRecord: 0.3ms)


Started GET "/tasks" for 127.0.0.1 at 2018-09-19 15:20:43 -0700
Processing by TasksController#index as HTML
  Rendering tasks/index.html.erb within layouts/application
  [1m[36mTask Load (0.3ms)[0m  [1m[34mSELECT "tasks".* FROM "tasks"[0m
  ↳ app/views/tasks/index.html.erb:7
  Rendered tasks/index.html.erb within layouts/application (1.5ms)
Completed 200 OK in 23ms (Views: 20.8ms | ActiveRecord: 0.3ms)


Started GET "/tasks" for 127.0.0.1 at 2018-09-19 15:20:52 -0700
Processing by TasksController#index as HTML
  Rendering tasks/index.html.erb within layouts/application
  [1m[36mTask Load (0.3ms)[0m  [1m[34mSELECT "tasks".* FROM "tasks"[0m
  ↳ app/views/tasks/index.html.erb:7
  Rendered tasks/index.html.erb within layouts/application (1.3ms)
Completed 200 OK in 29ms (Views: 27.3ms | ActiveRecord: 0.3ms)


Started GET "/tasks" for 127.0.0.1 at 2018-09-19 15:21:31 -0700
Processing by TasksController#index as HTML
  Rendering tasks/index.html.erb within layouts/application
  [1m[36mTask Load (0.3ms)[0m  [1m[34mSELECT "tasks".* FROM "tasks"[0m
  ↳ app/views/tasks/index.html.erb:7
  Rendered tasks/index.html.erb within layouts/application (1.7ms)
Completed 200 OK in 28ms (Views: 25.8ms | ActiveRecord: 0.3ms)


Started GET "/tasks" for 127.0.0.1 at 2018-09-19 15:21:40 -0700
Processing by TasksController#index as HTML
  Rendering tasks/index.html.erb within layouts/application
  [1m[36mTask Load (0.3ms)[0m  [1m[34mSELECT "tasks".* FROM "tasks"[0m
  ↳ app/views/tasks/index.html.erb:7
  Rendered tasks/index.html.erb within layouts/application (1.6ms)
Completed 200 OK in 30ms (Views: 27.8ms | ActiveRecord: 0.3ms)


Started GET "/tasks" for 127.0.0.1 at 2018-09-19 15:21:47 -0700
Processing by TasksController#index as HTML
  Rendering tasks/index.html.erb within layouts/application
  [1m[36mTask Load (0.2ms)[0m  [1m[34mSELECT "tasks".* FROM "tasks"[0m
  ↳ app/views/tasks/index.html.erb:7
  Rendered tasks/index.html.erb within layouts/application (1.4ms)
Completed 200 OK in 32ms (Views: 30.0ms | ActiveRecord: 0.2ms)


Started GET "/tasks/1" for 127.0.0.1 at 2018-09-19 15:22:39 -0700
Processing by TasksController#show as HTML
  Parameters: {"id"=>"1"}
  [1m[36mTask Load (1.7ms)[0m  [1m[34mSELECT  "tasks".* FROM "tasks" WHERE "tasks"."id" = $1 LIMIT $2[0m  [["id", 1], ["LIMIT", 1]]
  ↳ app/controllers/tasks_controller.rb:8
  Rendering tasks/show.html.erb within layouts/application
  Rendered tasks/show.html.erb within layouts/application (0.5ms)
Completed 200 OK in 29ms (Views: 23.6ms | ActiveRecord: 1.7ms)


Started GET "/tasks" for 127.0.0.1 at 2018-09-19 15:23:05 -0700
Processing by TasksController#index as HTML
  Rendering tasks/index.html.erb within layouts/application
  [1m[36mTask Load (0.3ms)[0m  [1m[34mSELECT "tasks".* FROM "tasks"[0m
  ↳ app/views/tasks/index.html.erb:7
  Rendered tasks/index.html.erb within layouts/application (1.7ms)
Completed 200 OK in 31ms (Views: 28.8ms | ActiveRecord: 0.3ms)


Started GET "/tasks/1" for 127.0.0.1 at 2018-09-19 15:23:09 -0700
Processing by TasksController#show as HTML
  Parameters: {"id"=>"1"}
  [1m[36mTask Load (0.3ms)[0m  [1m[34mSELECT  "tasks".* FROM "tasks" WHERE "tasks"."id" = $1 LIMIT $2[0m  [["id", 1], ["LIMIT", 1]]
  ↳ app/controllers/tasks_controller.rb:8
  Rendering tasks/show.html.erb within layouts/application
  Rendered tasks/show.html.erb within layouts/application (0.5ms)
Completed 200 OK in 30ms (Views: 27.5ms | ActiveRecord: 0.3ms)


Started GET "/tasks/2" for 127.0.0.1 at 2018-09-19 15:23:12 -0700
Processing by TasksController#show as HTML
  Parameters: {"id"=>"2"}
  [1m[36mTask Load (0.3ms)[0m  [1m[34mSELECT  "tasks".* FROM "tasks" WHERE "tasks"."id" = $1 LIMIT $2[0m  [["id", 2], ["LIMIT", 1]]
  ↳ app/controllers/tasks_controller.rb:8
  Rendering tasks/show.html.erb within layouts/application
  Rendered tasks/show.html.erb within layouts/application (0.4ms)
Completed 200 OK in 19ms (Views: 17.1ms | ActiveRecord: 0.3ms)


Started GET "/tasks/3" for 127.0.0.1 at 2018-09-19 15:23:16 -0700
Processing by TasksController#show as HTML
  Parameters: {"id"=>"3"}
  [1m[36mTask Load (0.3ms)[0m  [1m[34mSELECT  "tasks".* FROM "tasks" WHERE "tasks"."id" = $1 LIMIT $2[0m  [["id", 3], ["LIMIT", 1]]
  ↳ app/controllers/tasks_controller.rb:8
Completed 404 Not Found in 1ms (ActiveRecord: 0.3ms)


Started GET "/tasks" for 127.0.0.1 at 2018-09-19 15:33:36 -0700

SyntaxError - syntax error, unexpected tIDENTIFIER, expecting keyword_end
... '/tasks', to: 'tasks#index' as: 'tasks'
...                             ^~:
  config/routes.rb:4:in `'

Started POST "/__better_errors/3cf4b67caff9d8cd/variables" for 127.0.0.1 at 2018-09-19 15:33:36 -0700
Started GET "/tasks" for 127.0.0.1 at 2018-09-19 15:34:30 -0700
Processing by TasksController#index as HTML
  Rendering tasks/index.html.erb within layouts/application
  [1m[36mTask Load (0.5ms)[0m  [1m[34mSELECT "tasks".* FROM "tasks"[0m
  ↳ app/views/tasks/index.html.erb:7
  Rendered tasks/index.html.erb within layouts/application (17.5ms)
Completed 200 OK in 37ms (Views: 22.0ms | ActiveRecord: 11.8ms)


Started GET "/tasks/1" for 127.0.0.1 at 2018-09-19 15:34:32 -0700
Processing by TasksController#show as HTML
  Parameters: {"id"=>"1"}
  [1m[36mTask Load (0.6ms)[0m  [1m[34mSELECT  "tasks".* FROM "tasks" WHERE "tasks"."id" = $1 LIMIT $2[0m  [["id", 1], ["LIMIT", 1]]
  ↳ app/controllers/tasks_controller.rb:8
  Rendering tasks/show.html.erb within layouts/application
  Rendered tasks/show.html.erb within layouts/application (0.6ms)
Completed 200 OK in 68ms (Views: 64.8ms | ActiveRecord: 0.6ms)


Started GET "/tasks/2" for 127.0.0.1 at 2018-09-19 15:34:35 -0700
Processing by TasksController#show as HTML
  Parameters: {"id"=>"2"}
  [1m[36mTask Load (0.4ms)[0m  [1m[34mSELECT  "tasks".* FROM "tasks" WHERE "tasks"."id" = $1 LIMIT $2[0m  [["id", 2], ["LIMIT", 1]]
  ↳ app/controllers/tasks_controller.rb:8
  Rendering tasks/show.html.erb within layouts/application
  Rendered tasks/show.html.erb within layouts/application (0.9ms)
Completed 200 OK in 70ms (Views: 67.1ms | ActiveRecord: 0.4ms)


Started GET "/tasks" for 127.0.0.1 at 2018-09-19 15:35:08 -0700
Processing by TasksController#index as HTML
  Rendering tasks/index.html.erb within layouts/application
  [1m[36mTask Load (0.3ms)[0m  [1m[34mSELECT "tasks".* FROM "tasks"[0m
  ↳ app/views/tasks/index.html.erb:7
  Rendered tasks/index.html.erb within layouts/application (1.4ms)
Completed 200 OK in 20ms (Views: 18.1ms | ActiveRecord: 0.3ms)


Started GET "/tasks" for 127.0.0.1 at 2018-09-19 15:35:38 -0700
Processing by TasksController#index as HTML
  Rendering tasks/index.html.erb within layouts/application
  [1m[36mTask Load (0.3ms)[0m  [1m[34mSELECT "tasks".* FROM "tasks"[0m
  ↳ app/views/tasks/index.html.erb:7
  Rendered tasks/index.html.erb within layouts/application (1.9ms)
Completed 200 OK in 31ms (Views: 27.8ms | ActiveRecord: 0.3ms)


Started GET "/tasks" for 127.0.0.1 at 2018-09-19 15:36:02 -0700
Processing by TasksController#index as HTML
  Rendering tasks/index.html.erb within layouts/application
  [1m[36mTask Load (0.3ms)[0m  [1m[34mSELECT "tasks".* FROM "tasks"[0m
  ↳ app/views/tasks/index.html.erb:7
  Rendered tasks/index.html.erb within layouts/application (1.5ms)
Completed 200 OK in 34ms (Views: 32.3ms | ActiveRecord: 0.3ms)


Started GET "/tasks" for 127.0.0.1 at 2018-09-19 15:36:35 -0700
Processing by TasksController#index as HTML
  Rendering tasks/index.html.erb within layouts/application
  [1m[36mTask Load (0.3ms)[0m  [1m[34mSELECT "tasks".* FROM "tasks"[0m
  ↳ app/views/tasks/index.html.erb:7
  Rendered tasks/index.html.erb within layouts/application (1.9ms)
Completed 200 OK in 29ms (Views: 27.2ms | ActiveRecord: 0.3ms)


